#
# A fatal error has been detected by the Java Runtime Environment:
#
#  EXCEPTION_ACCESS_VIOLATION (0xc0000005) at pc=0x00007fffb6219b5b, pid=5108, tid=11572
#
# JRE version: Java(TM) SE Runtime Environment (13.0.1+9) (build 13.0.1+9)
# Java VM: Java HotSpot(TM) 64-Bit Server VM (13.0.1+9, mixed mode, sharing, tiered, compressed oops, g1 gc, windows-amd64)
# Problematic frame:
# V  [jvm.dll+0x6a9b5b]
#
# No core dump will be written. Minidumps are not enabled by default on client versions of Windows
#
# If you would like to submit a bug report, please visit:
#   http://bugreport.java.com/bugreport/crash.jsp
#

---------------  S U M M A R Y ------------

Command Line: -agentlib:jdwp=transport=dt_socket,suspend=y,address=localhost:51347 -javaagent:C:\Users\ASUS\eclipse\java-2020-03\eclipse\configuration\org.eclipse.osgi\223\0\.cp\lib\javaagent-shaded.jar -Dfile.encoding=Cp1252 examples.geometric.TestSpatialRACEDomain

Host: Intel(R) Core(TM) i7-7500U CPU @ 2.70GHz, 4 cores, 15G,  Windows 10 , 64 bit Build 19041 (10.0.19041.662)
Time: Sat Jan  9 16:39:54 2021 Paris, Madrid elapsed time: 248 seconds (0d 0h 4m 8s)

---------------  T H R E A D  ---------------

Current thread (0x000002d77fa6b800):  JavaThread "JDWP Transport Listener: dt_socket" daemon [_thread_in_vm, id=11572, stack(0x000000e4b3c00000,0x000000e4b3d00000)] _threads_hazard_ptr=0x000002d718702010

Stack: [0x000000e4b3c00000,0x000000e4b3d00000],  sp=0x000000e4b3cfe630,  free space=1017k
Native frames: (J=compiled Java code, j=interpreted, Vv=VM code, C=native code)
V  [jvm.dll+0x6a9b5b]
V  [jvm.dll+0x331b03]
V  [jvm.dll+0x3337f5]
V  [jvm.dll+0x3340ee]
V  [jvm.dll+0x33195c]
V  [jvm.dll+0x330b92]
V  [jvm.dll+0x6160a5]
V  [jvm.dll+0x615e2d]
V  [jvm.dll+0x5df993]
V  [jvm.dll+0x76a37f]
V  [jvm.dll+0x4f8226]
V  [jvm.dll+0x77963d]
V  [jvm.dll+0x4de2fe]
V  [jvm.dll+0x4a2b10]
C  [jdwp.dll+0x7bbc]


siginfo: EXCEPTION_ACCESS_VIOLATION (0xc0000005), reading address 0x0000000000000006


Register to memory mapping:

RIP=0x00007fffb6219b5b jvm.dll
RAX=0x000000e4b3cfe6c0 is pointing into the stack for thread: 0x000002d77fa6b800
RBX=0x000000e4b3cfe690 is pointing into the stack for thread: 0x000002d77fa6b800
RCX=0x0 is NULL
RDX=0x0 is NULL
RSP=0x000000e4b3cfe630 is pointing into the stack for thread: 0x000002d77fa6b800
RBP=0x000000e4b3cfebd0 is pointing into the stack for thread: 0x000002d77fa6b800
RSI=0x0 is NULL
RDI=0x0 is NULL
R8 =0x0 is NULL
R9 =0x000002d77f3eb0c0 is pointing into metadata
R10=0x0 is NULL
R11=0x0 is NULL
R12=0x000002d7202b90e0 points into unknown readable memory: 00 7c 7c 11 40 00 00 00
R13=0x0000000000000050 is an unknown value
R14=0x000002d77f3ebb79 is pointing into metadata
R15=0x00000000000001cb is an unknown value


Registers:
RAX=0x000000e4b3cfe6c0, RBX=0x000000e4b3cfe690, RCX=0x0000000000000000, RDX=0x0000000000000000
RSP=0x000000e4b3cfe630, RBP=0x000000e4b3cfebd0, RSI=0x0000000000000000, RDI=0x0000000000000000
R8 =0x0000000000000000, R9 =0x000002d77f3eb0c0, R10=0x0000000000000000, R11=0x0000000000000000
R12=0x000002d7202b90e0, R13=0x0000000000000050, R14=0x000002d77f3ebb79, R15=0x00000000000001cb
RIP=0x00007fffb6219b5b, EFLAGS=0x0000000000010246

Top of Stack: (sp=0x000000e4b3cfe630)
0x000000e4b3cfe630:   000000e4b3cfe690 0000000000000000
0x000000e4b3cfe640:   0000000000000000 0000000000000000
0x000000e4b3cfe650:   0000000000000000 00007fffb5ea1b03
0x000000e4b3cfe660:   0000000000000000 000000e4b3cfed40
0x000000e4b3cfe670:   0000000000000000 0000000000000000
0x000000e4b3cfe680:   0000000000000000 0000000000000000
0x000000e4b3cfe690:   00007fffb63f4290 0000000000000000
0x000000e4b3cfe6a0:   0000000000000000 000000000000000c
0x000000e4b3cfe6b0:   000000e4b3cfe6c0 0000000000000000
0x000000e4b3cfe6c0:   0000000046000146 0000000000000000
0x000000e4b3cfe6d0:   4fffffff4fffffff 2fffffff4fffffff
0x000000e4b3cfe6e0:   000000002fffffff 0000000000000000
0x000000e4b3cfe6f0:   0000000000000000 0000000000000000
0x000000e4b3cfe700:   0000000000000000 0000000000000000
0x000000e4b3cfe710:   0000000000000000 0000000000000000
0x000000e4b3cfe720:   0000000000000000 0000000000000000 

Instructions: (pc=0x00007fffb6219b5b)
0x00007fffb6219a5b:   48 8b cb ff 50 30 ff 43 14 48 c1 ef 04 eb 86 48
0x00007fffb6219a6b:   8b 03 45 33 c0 33 d2 48 8b cb ff 50 48 ff 43 14
0x00007fffb6219a7b:   48 c1 ef 04 e9 6c ff ff ff 48 8b 03 48 8b cb ff
0x00007fffb6219a8b:   50 38 83 43 14 02 48 c1 ef 04 e9 56 ff ff ff 48
0x00007fffb6219a9b:   8b 03 48 8b cb ff 50 10 ff 43 14 48 c1 ef 04 e9
0x00007fffb6219aab:   41 ff ff ff 48 8b 03 48 8b cb ff 50 18 83 43 14
0x00007fffb6219abb:   02 48 c1 ef 04 e9 2b ff ff ff 48 8b 0d c4 06 3f
0x00007fffb6219acb:   00 48 8d 15 ed ae 22 00 e8 38 f4 f7 ff 48 8b 0d
0x00007fffb6219adb:   b1 06 3f 00 48 8d 15 f2 ae 22 00 4c 8b c6 e8 22
0x00007fffb6219aeb:   f4 f7 ff ba c2 00 00 00 48 8d 0d 66 ae 22 00 e8
0x00007fffb6219afb:   21 3e ba ff e8 1c cf f7 ff 48 c1 ef 04 e9 e3 fe
0x00007fffb6219b0b:   ff ff 0f 1f 00 11 9a 6a 00 22 9a 6a 00 34 9a 6a
0x00007fffb6219b1b:   00 46 9a 6a 00 58 9a 6a 00 84 9a 6a 00 9a 9a 6a
0x00007fffb6219b2b:   00 af 9a 6a 00 6a 9a 6a 00 c8 99 6a 00 cc cc cc
0x00007fffb6219b3b:   cc cc cc cc cc 40 53 48 83 ec 20 c7 41 10 00 00
0x00007fffb6219b4b:   00 00 48 8b d9 48 89 7c 24 38 48 8b 79 08 33 c9
0x00007fffb6219b5b:   80 7f 06 28 74 26 44 8d 49 28 8d 51 36 48 8d 0d
0x00007fffb6219b6b:   f1 ad 22 00 4c 8d 05 da ad 22 00 e8 25 3c ba ff
0x00007fffb6219b7b:   e8 a0 ce f7 ff 8b 4b 10 48 8b 7b 08 8d 41 01 48
0x00007fffb6219b8b:   63 c9 89 43 10 80 7c 39 07 29 0f 84 d3 00 00 00
0x00007fffb6219b9b:   48 89 74 24 30 44 8b c0 48 8d 35 56 64 95 ff 66
0x00007fffb6219bab:   0f 1f 44 00 00 49 63 c8 0f be 54 39 06 83 c2 be
0x00007fffb6219bbb:   83 fa 19 77 7b 48 63 ca 0f b6 8c 0e 1c 9d 6a 00
0x00007fffb6219bcb:   8b 94 8e 0c 9d 6a 00 48 03 d6 ff e2 41 8d 40 01
0x00007fffb6219bdb:   89 43 10 eb 74 48 63 c8 ff c0 89 43 10 44 8b c0
0x00007fffb6219beb:   80 7c 39 06 3b 75 ee eb 63 0f 1f 40 00 0f 1f 84
0x00007fffb6219bfb:   00 00 00 00 00 ff c0 48 63 c8 89 43 10 0f b6 54
0x00007fffb6219c0b:   39 06 80 fa 5b 74 ee 80 fa 4c 75 1d 66 0f 1f 84
0x00007fffb6219c1b:   00 00 00 00 00 48 63 c8 ff c0 89 43 10 44 8b c0
0x00007fffb6219c2b:   80 7c 39 06 3b 75 ee eb 23 ff c0 89 43 10 eb 19
0x00007fffb6219c3b:   ba f1 00 00 00 48 8d 0d 19 ad 22 00 e8 d4 3c ba
0x00007fffb6219c4b:   ff e8 cf cd f7 ff 8b 43 10 44 8b c0 49 63 c8 80 


Stack slot to memory mapping:
stack at sp + 0 slots: 0x000000e4b3cfe690 is pointing into the stack for thread: 0x000002d77fa6b800
stack at sp + 1 slots: 0x0 is NULL
stack at sp + 2 slots: 0x0 is NULL
stack at sp + 3 slots: 0x0 is NULL
stack at sp + 4 slots: 0x0 is NULL
stack at sp + 5 slots: 0x00007fffb5ea1b03 jvm.dll
stack at sp + 6 slots: 0x0 is NULL
stack at sp + 7 slots: 0x000000e4b3cfed40 is pointing into the stack for thread: 0x000002d77fa6b800


---------------  P R O C E S S  ---------------

Threads class SMR info:
_java_thread_list=0x000002d718702010, length=13, elements={
0x000002d772d6a000, 0x000002d77ef6f000, 0x000002d77ef7b000, 0x000002d77ef8f000,
0x000002d77ef91800, 0x000002d77ef93000, 0x000002d77ef99800, 0x000002d77ef9d000,
0x000002d77f820800, 0x000002d77fa6b800, 0x000002d77f9ea800, 0x000002d77f9a9800,
0x000002d7173b8800
}

Java Threads: ( => current thread )
  0x000002d772d6a000 JavaThread "main" [_thread_blocked, id=3556, stack(0x000000e4b2d00000,0x000000e4b2e00000)]
  0x000002d77ef6f000 JavaThread "Reference Handler" daemon [_thread_blocked, id=10908, stack(0x000000e4b3400000,0x000000e4b3500000)]
  0x000002d77ef7b000 JavaThread "Finalizer" daemon [_thread_blocked, id=8160, stack(0x000000e4b3500000,0x000000e4b3600000)]
  0x000002d77ef8f000 JavaThread "Signal Dispatcher" daemon [_thread_blocked, id=11416, stack(0x000000e4b3600000,0x000000e4b3700000)]
  0x000002d77ef91800 JavaThread "Attach Listener" daemon [_thread_blocked, id=7952, stack(0x000000e4b3700000,0x000000e4b3800000)]
  0x000002d77ef93000 JavaThread "C2 CompilerThread0" daemon [_thread_blocked, id=12324, stack(0x000000e4b3800000,0x000000e4b3900000)]
  0x000002d77ef99800 JavaThread "C1 CompilerThread0" daemon [_thread_blocked, id=11584, stack(0x000000e4b3900000,0x000000e4b3a00000)]
  0x000002d77ef9d000 JavaThread "Sweeper thread" daemon [_thread_blocked, id=13584, stack(0x000000e4b3a00000,0x000000e4b3b00000)]
  0x000002d77f820800 JavaThread "Common-Cleaner" daemon [_thread_blocked, id=8336, stack(0x000000e4b3b00000,0x000000e4b3c00000)]
=>0x000002d77fa6b800 JavaThread "JDWP Transport Listener: dt_socket" daemon [_thread_in_vm, id=11572, stack(0x000000e4b3c00000,0x000000e4b3d00000)]
  0x000002d77f9ea800 JavaThread "JDWP Event Helper Thread" daemon [_thread_blocked, id=11696, stack(0x000000e4b3d00000,0x000000e4b3e00000)]
  0x000002d77f9a9800 JavaThread "JDWP Command Reader" daemon [_thread_in_native, id=4252, stack(0x000000e4b3e00000,0x000000e4b3f00000)]
  0x000002d7173b8800 JavaThread "Service Thread" daemon [_thread_blocked, id=13296, stack(0x000000e4b4000000,0x000000e4b4100000)]

Other Threads:
  0x000002d77ef6b800 VMThread "VM Thread" [stack: 0x000000e4b3300000,0x000000e4b3400000] [id=11672]
  0x000002d7173b9000 WatcherThread [stack: 0x000000e4b4100000,0x000000e4b4200000] [id=1152]
  0x000002d772dd8000 GCTaskThread "GC Thread#0" [stack: 0x000000e4b2e00000,0x000000e4b2f00000] [id=3040]
  0x000002d717dbf000 GCTaskThread "GC Thread#1" [stack: 0x000000e4b4200000,0x000000e4b4300000] [id=9236]
  0x000002d7175ed000 GCTaskThread "GC Thread#2" [stack: 0x000000e4b4300000,0x000000e4b4400000] [id=10868]
  0x000002d717915800 GCTaskThread "GC Thread#3" [stack: 0x000000e4b4400000,0x000000e4b4500000] [id=4156]
  0x000002d772dfb000 ConcurrentGCThread "G1 Main Marker" [stack: 0x000000e4b2f00000,0x000000e4b3000000] [id=7116]
  0x000002d772dfd000 ConcurrentGCThread "G1 Conc#0" [stack: 0x000000e4b3000000,0x000000e4b3100000] [id=3228]
  0x000002d77ee69800 ConcurrentGCThread "G1 Refine#0" [stack: 0x000000e4b3100000,0x000000e4b3200000] [id=13556]
  0x000002d718705000 ConcurrentGCThread "G1 Refine#1" [stack: 0x000000e4b4500000,0x000000e4b4600000] [id=9012]
  0x000002d77ee6a800 ConcurrentGCThread "G1 Young RemSet Sampling" [stack: 0x000000e4b3200000,0x000000e4b3300000] [id=4332]

Threads with active compile tasks:

VM state:not at safepoint (normal execution)

VM Mutex/Monitor currently owned by a thread: None

Heap address: 0x0000000701c00000, size: 4068 MB, Compressed Oops mode: Zero based, Oop shift amount: 3
Narrow klass base: 0x0000000800000000, Narrow klass shift: 3
Compressed class space size: 1073741824 Address: 0x0000000800b40000

Heap:
 garbage-first heap   total 293888K, used 158720K [0x0000000701c00000, 0x0000000800000000)
  region size 1024K, 14 young (14336K), 5 survivors (5120K)
 Metaspace       used 6675K, capacity 7641K, committed 7808K, reserved 1056768K
  class space    used 692K, capacity 820K, committed 896K, reserved 1048576K
Heap Regions: E=young(eden), S=young(survivor), O=old, HS=humongous(starts), HC=humongous(continues), CS=collection set, F=free, A=archive, TAMS=top-at-mark-start (previous, next)
|   0|0x0000000701c00000, 0x0000000701d00000, 0x0000000701d00000|100%|HS|  |TAMS 0x0000000701c00000, 0x0000000701c00000| Complete 
|   1|0x0000000701d00000, 0x0000000701e00000, 0x0000000701e00000|100%| O|  |TAMS 0x0000000701d00000, 0x0000000701d00000| Untracked 
|   2|0x0000000701e00000, 0x0000000701f00000, 0x0000000701f00000|100%| O|  |TAMS 0x0000000701e00000, 0x0000000701e00000| Untracked 
|   3|0x0000000701f00000, 0x0000000702000000, 0x0000000702000000|100%| O|  |TAMS 0x0000000701f00000, 0x0000000701f00000| Untracked 
|   4|0x0000000702000000, 0x0000000702100000, 0x0000000702100000|100%| O|  |TAMS 0x0000000702000000, 0x0000000702000000| Untracked 
|   5|0x0000000702100000, 0x0000000702200000, 0x0000000702200000|100%| O|  |TAMS 0x0000000702100000, 0x0000000702100000| Untracked 
|   6|0x0000000702200000, 0x0000000702300000, 0x0000000702300000|100%| O|  |TAMS 0x0000000702200000, 0x0000000702200000| Untracked 
|   7|0x0000000702300000, 0x0000000702400000, 0x0000000702400000|100%| O|  |TAMS 0x0000000702300000, 0x0000000702300000| Untracked 
|   8|0x0000000702400000, 0x0000000702500000, 0x0000000702500000|100%| O|  |TAMS 0x0000000702400000, 0x0000000702400000| Untracked 
|   9|0x0000000702500000, 0x0000000702600000, 0x0000000702600000|100%| O|  |TAMS 0x0000000702500000, 0x0000000702500000| Untracked 
|  10|0x0000000702600000, 0x0000000702700000, 0x0000000702700000|100%| O|  |TAMS 0x0000000702600000, 0x0000000702600000| Untracked 
|  11|0x0000000702700000, 0x0000000702800000, 0x0000000702800000|100%| O|  |TAMS 0x0000000702700000, 0x0000000702700000| Untracked 
|  12|0x0000000702800000, 0x0000000702900000, 0x0000000702900000|100%| O|  |TAMS 0x0000000702800000, 0x0000000702800000| Untracked 
|  13|0x0000000702900000, 0x0000000702a00000, 0x0000000702a00000|100%| O|  |TAMS 0x0000000702900000, 0x0000000702900000| Untracked 
|  14|0x0000000702a00000, 0x0000000702b00000, 0x0000000702b00000|100%| O|  |TAMS 0x0000000702a00000, 0x0000000702a00000| Untracked 
|  15|0x0000000702b00000, 0x0000000702c00000, 0x0000000702c00000|100%| O|  |TAMS 0x0000000702b00000, 0x0000000702b00000| Untracked 
|  16|0x0000000702c00000, 0x0000000702d00000, 0x0000000702d00000|100%| O|  |TAMS 0x0000000702c00000, 0x0000000702c00000| Untracked 
|  17|0x0000000702d00000, 0x0000000702e00000, 0x0000000702e00000|100%| O|  |TAMS 0x0000000702d00000, 0x0000000702d00000| Untracked 
|  18|0x0000000702e00000, 0x0000000702f00000, 0x0000000702f00000|100%| O|  |TAMS 0x0000000702e00000, 0x0000000702e00000| Untracked 
|  19|0x0000000702f00000, 0x0000000703000000, 0x0000000703000000|100%| O|  |TAMS 0x0000000702f00000, 0x0000000702f00000| Untracked 
|  20|0x0000000703000000, 0x0000000703100000, 0x0000000703100000|100%| O|  |TAMS 0x0000000703000000, 0x0000000703000000| Untracked 
|  21|0x0000000703100000, 0x0000000703200000, 0x0000000703200000|100%| O|  |TAMS 0x0000000703100000, 0x0000000703100000| Untracked 
|  22|0x0000000703200000, 0x0000000703300000, 0x0000000703300000|100%| O|  |TAMS 0x0000000703200000, 0x0000000703200000| Untracked 
|  23|0x0000000703300000, 0x0000000703400000, 0x0000000703400000|100%| O|  |TAMS 0x0000000703300000, 0x0000000703300000| Untracked 
|  24|0x0000000703400000, 0x0000000703500000, 0x0000000703500000|100%| O|  |TAMS 0x0000000703400000, 0x0000000703400000| Untracked 
|  25|0x0000000703500000, 0x0000000703600000, 0x0000000703600000|100%| O|  |TAMS 0x0000000703500000, 0x0000000703500000| Untracked 
|  26|0x0000000703600000, 0x0000000703700000, 0x0000000703700000|100%| O|  |TAMS 0x0000000703600000, 0x0000000703600000| Untracked 
|  27|0x0000000703700000, 0x0000000703800000, 0x0000000703800000|100%| O|  |TAMS 0x0000000703700000, 0x0000000703700000| Untracked 
|  28|0x0000000703800000, 0x0000000703900000, 0x0000000703900000|100%| O|  |TAMS 0x0000000703800000, 0x0000000703800000| Untracked 
|  29|0x0000000703900000, 0x0000000703a00000, 0x0000000703a00000|100%| O|  |TAMS 0x0000000703900000, 0x0000000703900000| Untracked 
|  30|0x0000000703a00000, 0x0000000703b00000, 0x0000000703b00000|100%| O|  |TAMS 0x0000000703a00000, 0x0000000703a00000| Untracked 
|  31|0x0000000703b00000, 0x0000000703c00000, 0x0000000703c00000|100%| O|  |TAMS 0x0000000703b00000, 0x0000000703b00000| Untracked 
|  32|0x0000000703c00000, 0x0000000703d00000, 0x0000000703d00000|100%| O|  |TAMS 0x0000000703c00000, 0x0000000703c00000| Untracked 
|  33|0x0000000703d00000, 0x0000000703e00000, 0x0000000703e00000|100%| O|  |TAMS 0x0000000703d00000, 0x0000000703d00000| Untracked 
|  34|0x0000000703e00000, 0x0000000703f00000, 0x0000000703f00000|100%| O|  |TAMS 0x0000000703e00000, 0x0000000703e00000| Untracked 
|  35|0x0000000703f00000, 0x0000000704000000, 0x0000000704000000|100%| O|  |TAMS 0x0000000703f00000, 0x0000000703f00000| Untracked 
|  36|0x0000000704000000, 0x0000000704100000, 0x0000000704100000|100%| O|  |TAMS 0x0000000704000000, 0x0000000704000000| Untracked 
|  37|0x0000000704100000, 0x0000000704200000, 0x0000000704200000|100%| O|  |TAMS 0x0000000704100000, 0x0000000704100000| Untracked 
|  38|0x0000000704200000, 0x0000000704300000, 0x0000000704300000|100%| O|  |TAMS 0x0000000704200000, 0x0000000704200000| Untracked 
|  39|0x0000000704300000, 0x0000000704400000, 0x0000000704400000|100%| O|  |TAMS 0x0000000704300000, 0x0000000704300000| Untracked 
|  40|0x0000000704400000, 0x0000000704500000, 0x0000000704500000|100%| O|  |TAMS 0x0000000704400000, 0x0000000704400000| Untracked 
|  41|0x0000000704500000, 0x0000000704600000, 0x0000000704600000|100%| O|  |TAMS 0x0000000704500000, 0x0000000704500000| Untracked 
|  42|0x0000000704600000, 0x0000000704700000, 0x0000000704700000|100%| O|  |TAMS 0x0000000704600000, 0x0000000704600000| Untracked 
|  43|0x0000000704700000, 0x0000000704800000, 0x0000000704800000|100%| O|  |TAMS 0x0000000704700000, 0x0000000704700000| Untracked 
|  44|0x0000000704800000, 0x0000000704900000, 0x0000000704900000|100%| O|  |TAMS 0x0000000704800000, 0x0000000704800000| Untracked 
|  45|0x0000000704900000, 0x0000000704a00000, 0x0000000704a00000|100%| O|  |TAMS 0x0000000704900000, 0x0000000704900000| Untracked 
|  46|0x0000000704a00000, 0x0000000704b00000, 0x0000000704b00000|100%| O|  |TAMS 0x0000000704a00000, 0x0000000704a00000| Untracked 
|  47|0x0000000704b00000, 0x0000000704c00000, 0x0000000704c00000|100%| O|  |TAMS 0x0000000704b00000, 0x0000000704b00000| Untracked 
|  48|0x0000000704c00000, 0x0000000704d00000, 0x0000000704d00000|100%| O|  |TAMS 0x0000000704c00000, 0x0000000704c00000| Untracked 
|  49|0x0000000704d00000, 0x0000000704e00000, 0x0000000704e00000|100%| O|  |TAMS 0x0000000704d00000, 0x0000000704d00000| Untracked 
|  50|0x0000000704e00000, 0x0000000704f00000, 0x0000000704f00000|100%| O|  |TAMS 0x0000000704e00000, 0x0000000704e00000| Untracked 
|  51|0x0000000704f00000, 0x0000000705000000, 0x0000000705000000|100%| O|  |TAMS 0x0000000704f00000, 0x0000000704f00000| Untracked 
|  52|0x0000000705000000, 0x0000000705100000, 0x0000000705100000|100%| O|  |TAMS 0x0000000705000000, 0x0000000705000000| Untracked 
|  53|0x0000000705100000, 0x0000000705200000, 0x0000000705200000|100%| O|  |TAMS 0x0000000705100000, 0x0000000705100000| Untracked 
|  54|0x0000000705200000, 0x0000000705300000, 0x0000000705300000|100%| O|  |TAMS 0x0000000705200000, 0x0000000705200000| Untracked 
|  55|0x0000000705300000, 0x0000000705400000, 0x0000000705400000|100%| O|  |TAMS 0x0000000705300000, 0x0000000705300000| Untracked 
|  56|0x0000000705400000, 0x0000000705500000, 0x0000000705500000|100%| O|  |TAMS 0x0000000705400000, 0x0000000705400000| Untracked 
|  57|0x0000000705500000, 0x0000000705600000, 0x0000000705600000|100%| O|  |TAMS 0x0000000705500000, 0x0000000705500000| Untracked 
|  58|0x0000000705600000, 0x0000000705700000, 0x0000000705700000|100%| O|  |TAMS 0x0000000705600000, 0x0000000705600000| Untracked 
|  59|0x0000000705700000, 0x0000000705800000, 0x0000000705800000|100%| O|  |TAMS 0x0000000705700000, 0x0000000705700000| Untracked 
|  60|0x0000000705800000, 0x0000000705900000, 0x0000000705900000|100%| O|  |TAMS 0x0000000705800000, 0x0000000705800000| Untracked 
|  61|0x0000000705900000, 0x0000000705a00000, 0x0000000705a00000|100%| O|  |TAMS 0x0000000705900000, 0x0000000705900000| Untracked 
|  62|0x0000000705a00000, 0x0000000705b00000, 0x0000000705b00000|100%| O|  |TAMS 0x0000000705a00000, 0x0000000705a00000| Untracked 
|  63|0x0000000705b00000, 0x0000000705c00000, 0x0000000705c00000|100%| O|  |TAMS 0x0000000705b00000, 0x0000000705b00000| Untracked 
|  64|0x0000000705c00000, 0x0000000705d00000, 0x0000000705d00000|100%| O|  |TAMS 0x0000000705c00000, 0x0000000705c00000| Untracked 
|  65|0x0000000705d00000, 0x0000000705e00000, 0x0000000705e00000|100%| O|  |TAMS 0x0000000705d00000, 0x0000000705d00000| Untracked 
|  66|0x0000000705e00000, 0x0000000705f00000, 0x0000000705f00000|100%| O|  |TAMS 0x0000000705e00000, 0x0000000705e00000| Untracked 
|  67|0x0000000705f00000, 0x0000000706000000, 0x0000000706000000|100%| O|  |TAMS 0x0000000705f00000, 0x0000000705f00000| Untracked 
|  68|0x0000000706000000, 0x0000000706100000, 0x0000000706100000|100%| O|  |TAMS 0x0000000706000000, 0x0000000706000000| Untracked 
|  69|0x0000000706100000, 0x0000000706200000, 0x0000000706200000|100%| O|  |TAMS 0x0000000706100000, 0x0000000706100000| Untracked 
|  70|0x0000000706200000, 0x0000000706300000, 0x0000000706300000|100%| O|  |TAMS 0x0000000706200000, 0x0000000706200000| Untracked 
|  71|0x0000000706300000, 0x0000000706400000, 0x0000000706400000|100%| O|  |TAMS 0x0000000706300000, 0x0000000706300000| Untracked 
|  72|0x0000000706400000, 0x0000000706500000, 0x0000000706500000|100%| O|  |TAMS 0x0000000706400000, 0x0000000706400000| Untracked 
|  73|0x0000000706500000, 0x0000000706600000, 0x0000000706600000|100%| O|  |TAMS 0x0000000706500000, 0x0000000706500000| Untracked 
|  74|0x0000000706600000, 0x0000000706700000, 0x0000000706700000|100%| O|  |TAMS 0x0000000706600000, 0x0000000706600000| Untracked 
|  75|0x0000000706700000, 0x0000000706800000, 0x0000000706800000|100%| O|  |TAMS 0x0000000706700000, 0x0000000706700000| Untracked 
|  76|0x0000000706800000, 0x0000000706900000, 0x0000000706900000|100%| O|  |TAMS 0x0000000706800000, 0x0000000706800000| Untracked 
|  77|0x0000000706900000, 0x0000000706a00000, 0x0000000706a00000|100%| O|  |TAMS 0x0000000706900000, 0x0000000706900000| Untracked 
|  78|0x0000000706a00000, 0x0000000706b00000, 0x0000000706b00000|100%| O|  |TAMS 0x0000000706a00000, 0x0000000706a00000| Untracked 
|  79|0x0000000706b00000, 0x0000000706c00000, 0x0000000706c00000|100%| O|  |TAMS 0x0000000706b00000, 0x0000000706b00000| Untracked 
|  80|0x0000000706c00000, 0x0000000706d00000, 0x0000000706d00000|100%| O|  |TAMS 0x0000000706c00000, 0x0000000706c00000| Untracked 
|  81|0x0000000706d00000, 0x0000000706e00000, 0x0000000706e00000|100%| O|  |TAMS 0x0000000706d00000, 0x0000000706d00000| Untracked 
|  82|0x0000000706e00000, 0x0000000706f00000, 0x0000000706f00000|100%| O|  |TAMS 0x0000000706e00000, 0x0000000706e00000| Untracked 
|  83|0x0000000706f00000, 0x0000000706f00000, 0x0000000707000000|  0%| F|  |TAMS 0x0000000706f00000, 0x0000000706f00000| Untracked 
|  84|0x0000000707000000, 0x0000000707000000, 0x0000000707100000|  0%| F|  |TAMS 0x0000000707000000, 0x0000000707000000| Untracked 
|  85|0x0000000707100000, 0x0000000707100000, 0x0000000707200000|  0%| F|  |TAMS 0x0000000707100000, 0x0000000707100000| Untracked 
|  86|0x0000000707200000, 0x0000000707200000, 0x0000000707300000|  0%| F|  |TAMS 0x0000000707200000, 0x0000000707200000| Untracked 
|  87|0x0000000707300000, 0x0000000707300000, 0x0000000707400000|  0%| F|  |TAMS 0x0000000707300000, 0x0000000707300000| Untracked 
|  88|0x0000000707400000, 0x0000000707400000, 0x0000000707500000|  0%| F|  |TAMS 0x0000000707400000, 0x0000000707400000| Untracked 
|  89|0x0000000707500000, 0x0000000707500000, 0x0000000707600000|  0%| F|  |TAMS 0x0000000707500000, 0x0000000707500000| Untracked 
|  90|0x0000000707600000, 0x0000000707600000, 0x0000000707700000|  0%| F|  |TAMS 0x0000000707600000, 0x0000000707600000| Untracked 
|  91|0x0000000707700000, 0x0000000707700000, 0x0000000707800000|  0%| F|  |TAMS 0x0000000707700000, 0x0000000707700000| Untracked 
|  92|0x0000000707800000, 0x0000000707800000, 0x0000000707900000|  0%| F|  |TAMS 0x0000000707800000, 0x0000000707800000| Untracked 
|  93|0x0000000707900000, 0x0000000707900000, 0x0000000707a00000|  0%| F|  |TAMS 0x0000000707900000, 0x0000000707900000| Untracked 
|  94|0x0000000707a00000, 0x0000000707a00000, 0x0000000707b00000|  0%| F|  |TAMS 0x0000000707a00000, 0x0000000707a00000| Untracked 
|  95|0x0000000707b00000, 0x0000000707b00000, 0x0000000707c00000|  0%| F|  |TAMS 0x0000000707b00000, 0x0000000707b00000| Untracked 
|  96|0x0000000707c00000, 0x0000000707c00000, 0x0000000707d00000|  0%| F|  |TAMS 0x0000000707c00000, 0x0000000707c00000| Untracked 
|  97|0x0000000707d00000, 0x0000000707d00000, 0x0000000707e00000|  0%| F|  |TAMS 0x0000000707d00000, 0x0000000707d00000| Untracked 
|  98|0x0000000707e00000, 0x0000000707e00000, 0x0000000707f00000|  0%| F|  |TAMS 0x0000000707e00000, 0x0000000707e00000| Untracked 
|  99|0x0000000707f00000, 0x0000000707f00000, 0x0000000708000000|  0%| F|  |TAMS 0x0000000707f00000, 0x0000000707f00000| Untracked 
| 100|0x0000000708000000, 0x0000000708000000, 0x0000000708100000|  0%| F|  |TAMS 0x0000000708000000, 0x0000000708000000| Untracked 
| 101|0x0000000708100000, 0x0000000708100000, 0x0000000708200000|  0%| F|  |TAMS 0x0000000708100000, 0x0000000708100000| Untracked 
| 102|0x0000000708200000, 0x0000000708200000, 0x0000000708300000|  0%| F|  |TAMS 0x0000000708200000, 0x0000000708200000| Untracked 
| 103|0x0000000708300000, 0x0000000708400000, 0x0000000708400000|100%| O|  |TAMS 0x0000000708300000, 0x0000000708300000| Untracked 
| 104|0x0000000708400000, 0x0000000708500000, 0x0000000708500000|100%| O|  |TAMS 0x0000000708400000, 0x0000000708400000| Untracked 
| 105|0x0000000708500000, 0x0000000708600000, 0x0000000708600000|100%| O|  |TAMS 0x0000000708500000, 0x0000000708500000| Untracked 
| 106|0x0000000708600000, 0x0000000708700000, 0x0000000708700000|100%| O|  |TAMS 0x0000000708600000, 0x0000000708600000| Untracked 
| 107|0x0000000708700000, 0x0000000708800000, 0x0000000708800000|100%| O|  |TAMS 0x0000000708700000, 0x0000000708700000| Untracked 
| 108|0x0000000708800000, 0x0000000708900000, 0x0000000708900000|100%| O|  |TAMS 0x0000000708800000, 0x0000000708800000| Untracked 
| 109|0x0000000708900000, 0x0000000708a00000, 0x0000000708a00000|100%| O|  |TAMS 0x0000000708900000, 0x0000000708900000| Untracked 
| 110|0x0000000708a00000, 0x0000000708b00000, 0x0000000708b00000|100%| O|  |TAMS 0x0000000708a00000, 0x0000000708a00000| Untracked 
| 111|0x0000000708b00000, 0x0000000708c00000, 0x0000000708c00000|100%| O|  |TAMS 0x0000000708b00000, 0x0000000708b00000| Untracked 
| 112|0x0000000708c00000, 0x0000000708d00000, 0x0000000708d00000|100%| O|  |TAMS 0x0000000708c00000, 0x0000000708c00000| Untracked 
| 113|0x0000000708d00000, 0x0000000708e00000, 0x0000000708e00000|100%| O|  |TAMS 0x0000000708d00000, 0x0000000708d00000| Untracked 
| 114|0x0000000708e00000, 0x0000000708f00000, 0x0000000708f00000|100%| O|  |TAMS 0x0000000708e00000, 0x0000000708e00000| Untracked 
| 115|0x0000000708f00000, 0x0000000709000000, 0x0000000709000000|100%| O|  |TAMS 0x0000000708f00000, 0x0000000708f00000| Untracked 
| 116|0x0000000709000000, 0x0000000709100000, 0x0000000709100000|100%| O|  |TAMS 0x0000000709000000, 0x0000000709000000| Untracked 
| 117|0x0000000709100000, 0x0000000709200000, 0x0000000709200000|100%| O|  |TAMS 0x0000000709100000, 0x0000000709100000| Untracked 
| 118|0x0000000709200000, 0x0000000709300000, 0x0000000709300000|100%| O|  |TAMS 0x0000000709200000, 0x0000000709200000| Untracked 
| 119|0x0000000709300000, 0x0000000709400000, 0x0000000709400000|100%| O|  |TAMS 0x0000000709300000, 0x0000000709300000| Untracked 
| 120|0x0000000709400000, 0x0000000709500000, 0x0000000709500000|100%| O|  |TAMS 0x0000000709400000, 0x0000000709400000| Untracked 
| 121|0x0000000709500000, 0x0000000709600000, 0x0000000709600000|100%| O|  |TAMS 0x0000000709500000, 0x0000000709500000| Untracked 
| 122|0x0000000709600000, 0x0000000709700000, 0x0000000709700000|100%| O|  |TAMS 0x0000000709600000, 0x0000000709600000| Untracked 
| 123|0x0000000709700000, 0x0000000709800000, 0x0000000709800000|100%| O|  |TAMS 0x0000000709700000, 0x0000000709700000| Untracked 
| 124|0x0000000709800000, 0x0000000709900000, 0x0000000709900000|100%| O|  |TAMS 0x0000000709800000, 0x0000000709800000| Untracked 
| 125|0x0000000709900000, 0x0000000709a00000, 0x0000000709a00000|100%| O|  |TAMS 0x0000000709900000, 0x0000000709900000| Untracked 
| 126|0x0000000709a00000, 0x0000000709b00000, 0x0000000709b00000|100%| O|  |TAMS 0x0000000709a00000, 0x0000000709a00000| Untracked 
| 127|0x0000000709b00000, 0x0000000709c00000, 0x0000000709c00000|100%| O|  |TAMS 0x0000000709b00000, 0x0000000709b00000| Untracked 
| 128|0x0000000709c00000, 0x0000000709d00000, 0x0000000709d00000|100%| O|  |TAMS 0x0000000709c00000, 0x0000000709c00000| Untracked 
| 129|0x0000000709d00000, 0x0000000709e00000, 0x0000000709e00000|100%| O|  |TAMS 0x0000000709d00000, 0x0000000709d00000| Untracked 
| 130|0x0000000709e00000, 0x0000000709f00000, 0x0000000709f00000|100%| O|  |TAMS 0x0000000709e00000, 0x0000000709e00000| Untracked 
| 131|0x0000000709f00000, 0x0000000709f00000, 0x000000070a000000|  0%| F|  |TAMS 0x0000000709f00000, 0x0000000709f00000| Untracked 
| 132|0x000000070a000000, 0x000000070a000000, 0x000000070a100000|  0%| F|  |TAMS 0x000000070a000000, 0x000000070a000000| Untracked 
| 133|0x000000070a100000, 0x000000070a100000, 0x000000070a200000|  0%| F|  |TAMS 0x000000070a100000, 0x000000070a100000| Untracked 
| 134|0x000000070a200000, 0x000000070a200000, 0x000000070a300000|  0%| F|  |TAMS 0x000000070a200000, 0x000000070a200000| Untracked 
| 135|0x000000070a300000, 0x000000070a300000, 0x000000070a400000|  0%| F|  |TAMS 0x000000070a300000, 0x000000070a300000| Untracked 
| 136|0x000000070a400000, 0x000000070a400000, 0x000000070a500000|  0%| F|  |TAMS 0x000000070a400000, 0x000000070a400000| Untracked 
| 137|0x000000070a500000, 0x000000070a500000, 0x000000070a600000|  0%| F|  |TAMS 0x000000070a500000, 0x000000070a500000| Untracked 
| 138|0x000000070a600000, 0x000000070a600000, 0x000000070a700000|  0%| F|  |TAMS 0x000000070a600000, 0x000000070a600000| Untracked 
| 139|0x000000070a700000, 0x000000070a700000, 0x000000070a800000|  0%| F|  |TAMS 0x000000070a700000, 0x000000070a700000| Untracked 
| 140|0x000000070a800000, 0x000000070a800000, 0x000000070a900000|  0%| F|  |TAMS 0x000000070a800000, 0x000000070a800000| Untracked 
| 141|0x000000070a900000, 0x000000070a900000, 0x000000070aa00000|  0%| F|  |TAMS 0x000000070a900000, 0x000000070a900000| Untracked 
| 142|0x000000070aa00000, 0x000000070aa00000, 0x000000070ab00000|  0%| F|  |TAMS 0x000000070aa00000, 0x000000070aa00000| Untracked 
| 143|0x000000070ab00000, 0x000000070ab00000, 0x000000070ac00000|  0%| F|  |TAMS 0x000000070ab00000, 0x000000070ab00000| Untracked 
| 144|0x000000070ac00000, 0x000000070ac00000, 0x000000070ad00000|  0%| F|  |TAMS 0x000000070ac00000, 0x000000070ac00000| Untracked 
| 145|0x000000070ad00000, 0x000000070ad00000, 0x000000070ae00000|  0%| F|  |TAMS 0x000000070ad00000, 0x000000070ad00000| Untracked 
| 146|0x000000070ae00000, 0x000000070ae00000, 0x000000070af00000|  0%| F|  |TAMS 0x000000070ae00000, 0x000000070ae00000| Untracked 
| 147|0x000000070af00000, 0x000000070af00000, 0x000000070b000000|  0%| F|  |TAMS 0x000000070af00000, 0x000000070af00000| Untracked 
| 148|0x000000070b000000, 0x000000070b000000, 0x000000070b100000|  0%| F|  |TAMS 0x000000070b000000, 0x000000070b000000| Untracked 
| 149|0x000000070b100000, 0x000000070b100000, 0x000000070b200000|  0%| F|  |TAMS 0x000000070b100000, 0x000000070b100000| Untracked 
| 150|0x000000070b200000, 0x000000070b200000, 0x000000070b300000|  0%| F|  |TAMS 0x000000070b200000, 0x000000070b200000| Untracked 
| 151|0x000000070b300000, 0x000000070b300000, 0x000000070b400000|  0%| F|  |TAMS 0x000000070b300000, 0x000000070b300000| Untracked 
| 152|0x000000070b400000, 0x000000070b400000, 0x000000070b500000|  0%| F|  |TAMS 0x000000070b400000, 0x000000070b400000| Untracked 
| 153|0x000000070b500000, 0x000000070b500000, 0x000000070b600000|  0%| F|  |TAMS 0x000000070b500000, 0x000000070b500000| Untracked 
| 154|0x000000070b600000, 0x000000070b600000, 0x000000070b700000|  0%| F|  |TAMS 0x000000070b600000, 0x000000070b600000| Untracked 
| 155|0x000000070b700000, 0x000000070b700000, 0x000000070b800000|  0%| F|  |TAMS 0x000000070b700000, 0x000000070b700000| Untracked 
| 156|0x000000070b800000, 0x000000070b800000, 0x000000070b900000|  0%| F|  |TAMS 0x000000070b800000, 0x000000070b800000| Untracked 
| 157|0x000000070b900000, 0x000000070b900000, 0x000000070ba00000|  0%| F|  |TAMS 0x000000070b900000, 0x000000070b900000| Untracked 
| 158|0x000000070ba00000, 0x000000070ba00000, 0x000000070bb00000|  0%| F|  |TAMS 0x000000070ba00000, 0x000000070ba00000| Untracked 
| 159|0x000000070bb00000, 0x000000070bb00000, 0x000000070bc00000|  0%| F|  |TAMS 0x000000070bb00000, 0x000000070bb00000| Untracked 
| 160|0x000000070bc00000, 0x000000070bc00000, 0x000000070bd00000|  0%| F|  |TAMS 0x000000070bc00000, 0x000000070bc00000| Untracked 
| 161|0x000000070bd00000, 0x000000070bd00000, 0x000000070be00000|  0%| F|  |TAMS 0x000000070bd00000, 0x000000070bd00000| Untracked 
| 162|0x000000070be00000, 0x000000070be00000, 0x000000070bf00000|  0%| F|  |TAMS 0x000000070be00000, 0x000000070be00000| Untracked 
| 163|0x000000070bf00000, 0x000000070bf00000, 0x000000070c000000|  0%| F|  |TAMS 0x000000070bf00000, 0x000000070bf00000| Untracked 
| 164|0x000000070c000000, 0x000000070c000000, 0x000000070c100000|  0%| F|  |TAMS 0x000000070c000000, 0x000000070c000000| Untracked 
| 165|0x000000070c100000, 0x000000070c100000, 0x000000070c200000|  0%| F|  |TAMS 0x000000070c100000, 0x000000070c100000| Untracked 
| 166|0x000000070c200000, 0x000000070c200000, 0x000000070c300000|  0%| F|  |TAMS 0x000000070c200000, 0x000000070c200000| Untracked 
| 167|0x000000070c300000, 0x000000070c300000, 0x000000070c400000|  0%| F|  |TAMS 0x000000070c300000, 0x000000070c300000| Untracked 
| 168|0x000000070c400000, 0x000000070c400000, 0x000000070c500000|  0%| F|  |TAMS 0x000000070c400000, 0x000000070c400000| Untracked 
| 169|0x000000070c500000, 0x000000070c500000, 0x000000070c600000|  0%| F|  |TAMS 0x000000070c500000, 0x000000070c500000| Untracked 
| 170|0x000000070c600000, 0x000000070c600000, 0x000000070c700000|  0%| F|  |TAMS 0x000000070c600000, 0x000000070c600000| Untracked 
| 171|0x000000070c700000, 0x000000070c700000, 0x000000070c800000|  0%| F|  |TAMS 0x000000070c700000, 0x000000070c700000| Untracked 
| 172|0x000000070c800000, 0x000000070c800000, 0x000000070c900000|  0%| F|  |TAMS 0x000000070c800000, 0x000000070c800000| Untracked 
| 173|0x000000070c900000, 0x000000070c900000, 0x000000070ca00000|  0%| F|  |TAMS 0x000000070c900000, 0x000000070c900000| Untracked 
| 174|0x000000070ca00000, 0x000000070ca00000, 0x000000070cb00000|  0%| F|  |TAMS 0x000000070ca00000, 0x000000070ca00000| Untracked 
| 175|0x000000070cb00000, 0x000000070cb00000, 0x000000070cc00000|  0%| F|  |TAMS 0x000000070cb00000, 0x000000070cb00000| Untracked 
| 176|0x000000070cc00000, 0x000000070cc00000, 0x000000070cd00000|  0%| F|  |TAMS 0x000000070cc00000, 0x000000070cc00000| Untracked 
| 177|0x000000070cd00000, 0x000000070cd00000, 0x000000070ce00000|  0%| F|  |TAMS 0x000000070cd00000, 0x000000070cd00000| Untracked 
| 178|0x000000070ce00000, 0x000000070ce00000, 0x000000070cf00000|  0%| F|  |TAMS 0x000000070ce00000, 0x000000070ce00000| Untracked 
| 179|0x000000070cf00000, 0x000000070cf00000, 0x000000070d000000|  0%| F|  |TAMS 0x000000070cf00000, 0x000000070cf00000| Untracked 
| 180|0x000000070d000000, 0x000000070d000000, 0x000000070d100000|  0%| F|  |TAMS 0x000000070d000000, 0x000000070d000000| Untracked 
| 181|0x000000070d100000, 0x000000070d100000, 0x000000070d200000|  0%| F|  |TAMS 0x000000070d100000, 0x000000070d100000| Untracked 
| 182|0x000000070d200000, 0x000000070d200000, 0x000000070d300000|  0%| F|  |TAMS 0x000000070d200000, 0x000000070d200000| Untracked 
| 183|0x000000070d300000, 0x000000070d300000, 0x000000070d400000|  0%| F|  |TAMS 0x000000070d300000, 0x000000070d300000| Untracked 
| 184|0x000000070d400000, 0x000000070d400000, 0x000000070d500000|  0%| F|  |TAMS 0x000000070d400000, 0x000000070d400000| Untracked 
| 185|0x000000070d500000, 0x000000070d500000, 0x000000070d600000|  0%| F|  |TAMS 0x000000070d500000, 0x000000070d500000| Untracked 
| 186|0x000000070d600000, 0x000000070d600000, 0x000000070d700000|  0%| F|  |TAMS 0x000000070d600000, 0x000000070d600000| Untracked 
| 187|0x000000070d700000, 0x000000070d700000, 0x000000070d800000|  0%| F|  |TAMS 0x000000070d700000, 0x000000070d700000| Untracked 
| 188|0x000000070d800000, 0x000000070d800000, 0x000000070d900000|  0%| F|  |TAMS 0x000000070d800000, 0x000000070d800000| Untracked 
| 189|0x000000070d900000, 0x000000070d900000, 0x000000070da00000|  0%| F|  |TAMS 0x000000070d900000, 0x000000070d900000| Untracked 
| 190|0x000000070da00000, 0x000000070da00000, 0x000000070db00000|  0%| F|  |TAMS 0x000000070da00000, 0x000000070da00000| Untracked 
| 191|0x000000070db00000, 0x000000070db00000, 0x000000070dc00000|  0%| F|  |TAMS 0x000000070db00000, 0x000000070db00000| Untracked 
| 192|0x000000070dc00000, 0x000000070dc00000, 0x000000070dd00000|  0%| F|  |TAMS 0x000000070dc00000, 0x000000070dc00000| Untracked 
| 193|0x000000070dd00000, 0x000000070dd00000, 0x000000070de00000|  0%| F|  |TAMS 0x000000070dd00000, 0x000000070dd00000| Untracked 
| 194|0x000000070de00000, 0x000000070de00000, 0x000000070df00000|  0%| F|  |TAMS 0x000000070de00000, 0x000000070de00000| Untracked 
| 195|0x000000070df00000, 0x000000070df00000, 0x000000070e000000|  0%| F|  |TAMS 0x000000070df00000, 0x000000070df00000| Untracked 
| 196|0x000000070e000000, 0x000000070e000000, 0x000000070e100000|  0%| F|  |TAMS 0x000000070e000000, 0x000000070e000000| Untracked 
| 197|0x000000070e100000, 0x000000070e100000, 0x000000070e200000|  0%| F|  |TAMS 0x000000070e100000, 0x000000070e100000| Untracked 
| 198|0x000000070e200000, 0x000000070e200000, 0x000000070e300000|  0%| F|  |TAMS 0x000000070e200000, 0x000000070e200000| Untracked 
| 199|0x000000070e300000, 0x000000070e300000, 0x000000070e400000|  0%| F|  |TAMS 0x000000070e300000, 0x000000070e300000| Untracked 
| 200|0x000000070e400000, 0x000000070e400000, 0x000000070e500000|  0%| F|  |TAMS 0x000000070e400000, 0x000000070e400000| Untracked 
| 201|0x000000070e500000, 0x000000070e500000, 0x000000070e600000|  0%| F|  |TAMS 0x000000070e500000, 0x000000070e500000| Untracked 
| 202|0x000000070e600000, 0x000000070e600000, 0x000000070e700000|  0%| F|  |TAMS 0x000000070e600000, 0x000000070e600000| Untracked 
| 203|0x000000070e700000, 0x000000070e700000, 0x000000070e800000|  0%| F|  |TAMS 0x000000070e700000, 0x000000070e700000| Untracked 
| 204|0x000000070e800000, 0x000000070e800000, 0x000000070e900000|  0%| F|  |TAMS 0x000000070e800000, 0x000000070e800000| Untracked 
| 205|0x000000070e900000, 0x000000070e900000, 0x000000070ea00000|  0%| F|  |TAMS 0x000000070e900000, 0x000000070e900000| Untracked 
| 206|0x000000070ea00000, 0x000000070ea00000, 0x000000070eb00000|  0%| F|  |TAMS 0x000000070ea00000, 0x000000070ea00000| Untracked 
| 207|0x000000070eb00000, 0x000000070eb00000, 0x000000070ec00000|  0%| F|  |TAMS 0x000000070eb00000, 0x000000070eb00000| Untracked 
| 208|0x000000070ec00000, 0x000000070ec00000, 0x000000070ed00000|  0%| F|  |TAMS 0x000000070ec00000, 0x000000070ec00000| Untracked 
| 209|0x000000070ed00000, 0x000000070ed00000, 0x000000070ee00000|  0%| F|  |TAMS 0x000000070ed00000, 0x000000070ed00000| Untracked 
| 210|0x000000070ee00000, 0x000000070ee00000, 0x000000070ef00000|  0%| F|  |TAMS 0x000000070ee00000, 0x000000070ee00000| Untracked 
| 211|0x000000070ef00000, 0x000000070ef00000, 0x000000070f000000|  0%| F|  |TAMS 0x000000070ef00000, 0x000000070ef00000| Untracked 
| 212|0x000000070f000000, 0x000000070f000000, 0x000000070f100000|  0%| F|  |TAMS 0x000000070f000000, 0x000000070f000000| Untracked 
| 213|0x000000070f100000, 0x000000070f100000, 0x000000070f200000|  0%| F|  |TAMS 0x000000070f100000, 0x000000070f100000| Untracked 
| 214|0x000000070f200000, 0x000000070f200000, 0x000000070f300000|  0%| F|  |TAMS 0x000000070f200000, 0x000000070f200000| Untracked 
| 215|0x000000070f300000, 0x000000070f300000, 0x000000070f400000|  0%| F|  |TAMS 0x000000070f300000, 0x000000070f300000| Untracked 
| 216|0x000000070f400000, 0x000000070f400000, 0x000000070f500000|  0%| F|  |TAMS 0x000000070f400000, 0x000000070f400000| Untracked 
| 217|0x000000070f500000, 0x000000070f500000, 0x000000070f600000|  0%| F|  |TAMS 0x000000070f500000, 0x000000070f500000| Untracked 
| 218|0x000000070f600000, 0x000000070f600000, 0x000000070f700000|  0%| F|  |TAMS 0x000000070f600000, 0x000000070f600000| Untracked 
| 219|0x000000070f700000, 0x000000070f700000, 0x000000070f800000|  0%| F|  |TAMS 0x000000070f700000, 0x000000070f700000| Untracked 
| 220|0x000000070f800000, 0x000000070f800000, 0x000000070f900000|  0%| F|  |TAMS 0x000000070f800000, 0x000000070f800000| Untracked 
| 221|0x000000070f900000, 0x000000070f900000, 0x000000070fa00000|  0%| F|  |TAMS 0x000000070f900000, 0x000000070f900000| Untracked 
| 222|0x000000070fa00000, 0x000000070fa00000, 0x000000070fb00000|  0%| F|  |TAMS 0x000000070fa00000, 0x000000070fa00000| Untracked 
| 223|0x000000070fb00000, 0x000000070fb00000, 0x000000070fc00000|  0%| F|  |TAMS 0x000000070fb00000, 0x000000070fb00000| Untracked 
| 224|0x000000070fc00000, 0x000000070fc00000, 0x000000070fd00000|  0%| F|  |TAMS 0x000000070fc00000, 0x000000070fc00000| Untracked 
| 225|0x000000070fd00000, 0x000000070fd00000, 0x000000070fe00000|  0%| F|  |TAMS 0x000000070fd00000, 0x000000070fd00000| Untracked 
| 226|0x000000070fe00000, 0x000000070fe00000, 0x000000070ff00000|  0%| F|  |TAMS 0x000000070fe00000, 0x000000070fe00000| Untracked 
| 227|0x000000070ff00000, 0x000000070ff00000, 0x0000000710000000|  0%| F|  |TAMS 0x000000070ff00000, 0x000000070ff00000| Untracked 
| 228|0x0000000710000000, 0x0000000710000000, 0x0000000710100000|  0%| F|  |TAMS 0x0000000710000000, 0x0000000710000000| Untracked 
| 229|0x0000000710100000, 0x0000000710100000, 0x0000000710200000|  0%| F|  |TAMS 0x0000000710100000, 0x0000000710100000| Untracked 
| 230|0x0000000710200000, 0x0000000710200000, 0x0000000710300000|  0%| F|  |TAMS 0x0000000710200000, 0x0000000710200000| Untracked 
| 231|0x0000000710300000, 0x0000000710300000, 0x0000000710400000|  0%| F|  |TAMS 0x0000000710300000, 0x0000000710300000| Untracked 
| 232|0x0000000710400000, 0x0000000710400000, 0x0000000710500000|  0%| F|  |TAMS 0x0000000710400000, 0x0000000710400000| Untracked 
| 233|0x0000000710500000, 0x0000000710600000, 0x0000000710600000|100%| S|CS|TAMS 0x0000000710500000, 0x0000000710500000| Complete 
| 234|0x0000000710600000, 0x0000000710700000, 0x0000000710700000|100%| S|CS|TAMS 0x0000000710600000, 0x0000000710600000| Complete 
| 235|0x0000000710700000, 0x0000000710800000, 0x0000000710800000|100%| S|CS|TAMS 0x0000000710700000, 0x0000000710700000| Complete 
| 236|0x0000000710800000, 0x0000000710900000, 0x0000000710900000|100%| S|CS|TAMS 0x0000000710800000, 0x0000000710800000| Complete 
| 237|0x0000000710900000, 0x0000000710a00000, 0x0000000710a00000|100%| S|CS|TAMS 0x0000000710900000, 0x0000000710900000| Complete 
| 238|0x0000000710a00000, 0x0000000710a00000, 0x0000000710b00000|  0%| F|  |TAMS 0x0000000710a00000, 0x0000000710a00000| Untracked 
| 239|0x0000000710b00000, 0x0000000710b00000, 0x0000000710c00000|  0%| F|  |TAMS 0x0000000710b00000, 0x0000000710b00000| Untracked 
| 240|0x0000000710c00000, 0x0000000710c00000, 0x0000000710d00000|  0%| F|  |TAMS 0x0000000710c00000, 0x0000000710c00000| Untracked 
| 241|0x0000000710d00000, 0x0000000710d00000, 0x0000000710e00000|  0%| F|  |TAMS 0x0000000710d00000, 0x0000000710d00000| Untracked 
| 242|0x0000000710e00000, 0x0000000710e00000, 0x0000000710f00000|  0%| F|  |TAMS 0x0000000710e00000, 0x0000000710e00000| Untracked 
| 243|0x0000000710f00000, 0x0000000710f00000, 0x0000000711000000|  0%| F|  |TAMS 0x0000000710f00000, 0x0000000710f00000| Untracked 
| 244|0x0000000711000000, 0x0000000711000000, 0x0000000711100000|  0%| F|  |TAMS 0x0000000711000000, 0x0000000711000000| Untracked 
| 245|0x0000000711100000, 0x0000000711100000, 0x0000000711200000|  0%| F|  |TAMS 0x0000000711100000, 0x0000000711100000| Untracked 
| 246|0x0000000711200000, 0x0000000711200000, 0x0000000711300000|  0%| F|  |TAMS 0x0000000711200000, 0x0000000711200000| Untracked 
| 247|0x0000000711300000, 0x000000071136b8c0, 0x0000000711400000| 42%| E|  |TAMS 0x0000000711300000, 0x0000000711300000| Complete 
| 248|0x0000000711400000, 0x0000000711500000, 0x0000000711500000|100%| E|CS|TAMS 0x0000000711400000, 0x0000000711400000| Complete 
| 249|0x0000000711500000, 0x0000000711600000, 0x0000000711600000|100%| E|CS|TAMS 0x0000000711500000, 0x0000000711500000| Complete 
| 250|0x0000000711600000, 0x0000000711700000, 0x0000000711700000|100%| E|CS|TAMS 0x0000000711600000, 0x0000000711600000| Complete 
| 251|0x0000000711700000, 0x0000000711800000, 0x0000000711800000|100%| E|CS|TAMS 0x0000000711700000, 0x0000000711700000| Complete 
| 252|0x0000000711800000, 0x0000000711900000, 0x0000000711900000|100%| E|CS|TAMS 0x0000000711800000, 0x0000000711800000| Complete 
| 253|0x0000000711900000, 0x0000000711a00000, 0x0000000711a00000|100%| E|CS|TAMS 0x0000000711900000, 0x0000000711900000| Complete 
| 254|0x0000000711a00000, 0x0000000711b00000, 0x0000000711b00000|100%| E|CS|TAMS 0x0000000711a00000, 0x0000000711a00000| Complete 
| 255|0x0000000711b00000, 0x0000000711c00000, 0x0000000711c00000|100%| E|CS|TAMS 0x0000000711b00000, 0x0000000711b00000| Complete 
| 256|0x0000000711c00000, 0x0000000711d00000, 0x0000000711d00000|100%| O|  |TAMS 0x0000000711c00000, 0x0000000711c00000| Untracked 
| 257|0x0000000711d00000, 0x0000000711e00000, 0x0000000711e00000|100%| O|  |TAMS 0x0000000711d00000, 0x0000000711d00000| Untracked 
| 258|0x0000000711e00000, 0x0000000711f00000, 0x0000000711f00000|100%| O|  |TAMS 0x0000000711e00000, 0x0000000711e00000| Untracked 
| 259|0x0000000711f00000, 0x0000000712000000, 0x0000000712000000|100%| O|  |TAMS 0x0000000711f00000, 0x0000000711f00000| Untracked 
| 260|0x0000000712000000, 0x0000000712100000, 0x0000000712100000|100%| O|  |TAMS 0x0000000712000000, 0x0000000712000000| Untracked 
| 261|0x0000000712100000, 0x0000000712200000, 0x0000000712200000|100%| O|  |TAMS 0x0000000712100000, 0x0000000712100000| Untracked 
| 262|0x0000000712200000, 0x0000000712300000, 0x0000000712300000|100%| O|  |TAMS 0x0000000712200000, 0x0000000712200000| Untracked 
| 263|0x0000000712300000, 0x0000000712400000, 0x0000000712400000|100%| O|  |TAMS 0x0000000712300000, 0x0000000712300000| Untracked 
| 264|0x0000000712400000, 0x0000000712500000, 0x0000000712500000|100%| O|  |TAMS 0x0000000712400000, 0x0000000712400000| Untracked 
| 265|0x0000000712500000, 0x0000000712600000, 0x0000000712600000|100%| O|  |TAMS 0x0000000712500000, 0x0000000712500000| Untracked 
| 266|0x0000000712600000, 0x0000000712700000, 0x0000000712700000|100%| O|  |TAMS 0x0000000712600000, 0x0000000712600000| Untracked 
| 267|0x0000000712700000, 0x0000000712800000, 0x0000000712800000|100%| O|  |TAMS 0x0000000712700000, 0x0000000712700000| Untracked 
| 268|0x0000000712800000, 0x0000000712900000, 0x0000000712900000|100%| O|  |TAMS 0x0000000712800000, 0x0000000712800000| Untracked 
| 269|0x0000000712900000, 0x0000000712a00000, 0x0000000712a00000|100%| O|  |TAMS 0x0000000712900000, 0x0000000712900000| Untracked 
| 270|0x0000000712a00000, 0x0000000712b00000, 0x0000000712b00000|100%| O|  |TAMS 0x0000000712a00000, 0x0000000712a00000| Untracked 
| 271|0x0000000712b00000, 0x0000000712c00000, 0x0000000712c00000|100%| O|  |TAMS 0x0000000712b00000, 0x0000000712b00000| Untracked 
| 272|0x0000000712c00000, 0x0000000712d00000, 0x0000000712d00000|100%| O|  |TAMS 0x0000000712c00000, 0x0000000712c00000| Untracked 
| 273|0x0000000712d00000, 0x0000000712e00000, 0x0000000712e00000|100%| O|  |TAMS 0x0000000712d00000, 0x0000000712d00000| Untracked 
| 274|0x0000000712e00000, 0x0000000712f00000, 0x0000000712f00000|100%| O|  |TAMS 0x0000000712e00000, 0x0000000712e00000| Untracked 
| 275|0x0000000712f00000, 0x0000000713000000, 0x0000000713000000|100%| O|  |TAMS 0x0000000712f00000, 0x0000000712f00000| Untracked 
| 276|0x0000000713000000, 0x0000000713100000, 0x0000000713100000|100%| O|  |TAMS 0x0000000713000000, 0x0000000713000000| Untracked 
| 277|0x0000000713100000, 0x0000000713200000, 0x0000000713200000|100%| O|  |TAMS 0x0000000713100000, 0x0000000713100000| Untracked 
| 278|0x0000000713200000, 0x0000000713300000, 0x0000000713300000|100%| O|  |TAMS 0x0000000713200000, 0x0000000713200000| Untracked 
| 279|0x0000000713300000, 0x0000000713400000, 0x0000000713400000|100%| O|  |TAMS 0x0000000713300000, 0x0000000713300000| Untracked 
| 280|0x0000000713400000, 0x0000000713500000, 0x0000000713500000|100%| O|  |TAMS 0x0000000713400000, 0x0000000713400000| Untracked 
| 281|0x0000000713500000, 0x0000000713600000, 0x0000000713600000|100%| O|  |TAMS 0x0000000713500000, 0x0000000713500000| Untracked 
| 282|0x0000000713600000, 0x0000000713700000, 0x0000000713700000|100%| O|  |TAMS 0x0000000713600000, 0x0000000713600000| Untracked 
| 283|0x0000000713700000, 0x0000000713800000, 0x0000000713800000|100%| O|  |TAMS 0x0000000713700000, 0x0000000713700000| Untracked 
| 284|0x0000000713800000, 0x0000000713900000, 0x0000000713900000|100%| O|  |TAMS 0x0000000713800000, 0x0000000713800000| Untracked 
| 285|0x0000000713900000, 0x0000000713a00000, 0x0000000713a00000|100%| O|  |TAMS 0x0000000713900000, 0x0000000713900000| Untracked 
| 286|0x0000000713a00000, 0x0000000713b00000, 0x0000000713b00000|100%| O|  |TAMS 0x0000000713a00000, 0x0000000713a00000| Untracked 

Card table byte_map: [0x000002d77ba70000,0x000002d77c270000] _byte_map_base: 0x000002d778262000

Marking Bits (Prev, Next): (CMBitMap*) 0x000002d772dd9008, (CMBitMap*) 0x000002d772dd9048
 Prev Bits: [0x000002d70f000000, 0x000002d712f90000)
 Next Bits: [0x000002d712f90000, 0x000002d716f20000)

Polling page: 0x000002d772540000

Metaspace:

Usage:
  Non-class:      6.66 MB capacity,     5.84 MB ( 88%) used,   825.98 KB ( 12%) free+waste,    11.56 KB ( <1%) overhead. 
      Class:    820.00 KB capacity,   692.36 KB ( 84%) used,   121.89 KB ( 15%) free+waste,     5.75 KB ( <1%) overhead. 
       Both:      7.46 MB capacity,     6.52 MB ( 87%) used,   947.88 KB ( 12%) free+waste,    17.31 KB ( <1%) overhead. 

Virtual space:
  Non-class space:        8.00 MB reserved,       6.75 MB ( 84%) committed 
      Class space:        1.00 GB reserved,     896.00 KB ( <1%) committed 
             Both:        1.01 GB reserved,       7.63 MB ( <1%) committed 

Chunk freelists:
   Non-Class:  27.00 KB
       Class:  0 bytes
        Both:  27.00 KB

MaxMetaspaceSize: 17179869184.00 GB
CompressedClassSpaceSize: 1.00 GB

CodeHeap 'non-profiled nmethods': size=120064Kb used=630Kb max_used=630Kb free=119433Kb
 bounds [0x000002d707ac0000, 0x000002d707d30000, 0x000002d70f000000]
CodeHeap 'profiled nmethods': size=120000Kb used=2749Kb max_used=2782Kb free=117250Kb
 bounds [0x000002d700590000, 0x000002d700850000, 0x000002d707ac0000]
CodeHeap 'non-nmethods': size=5696Kb used=1259Kb max_used=1316Kb free=4436Kb
 bounds [0x000002d700000000, 0x000002d700270000, 0x000002d700590000]
 total_blobs=2374 nmethods=1363 adapters=344
 compilation: enabled
              stopped_count=0, restarted_count=0
 full_count=0

Compilation events (20 events):
Event: 1.690 Thread 0x000002d77ef93000 nmethod 1310 0x000002d707b58790 code [0x000002d707b58940, 0x000002d707b58db8]
Event: 1.690 Thread 0x000002d77ef93000 1338       4       java.lang.StringBuilder::<init> (7 bytes)
Event: 1.692 Thread 0x000002d77ef93000 nmethod 1338 0x000002d707b59010 code [0x000002d707b591a0, 0x000002d707b59378]
Event: 1.692 Thread 0x000002d77ef93000 1198       4       java.lang.Integer::hashCode (8 bytes)
Event: 1.692 Thread 0x000002d77ef93000 nmethod 1198 0x000002d707b59410 code [0x000002d707b595a0, 0x000002d707b59618]
Event: 1.692 Thread 0x000002d77ef93000 1200       4       java.lang.String::toString (2 bytes)
Event: 1.692 Thread 0x000002d77ef93000 nmethod 1200 0x000002d707b59710 code [0x000002d707b598a0, 0x000002d707b59918]
Event: 1.692 Thread 0x000002d77ef93000 1204       4       org.metacsp.time.Bounds::<init> (52 bytes)
Event: 1.692 Thread 0x000002d77ef93000 nmethod 1204 0x000002d707b59a10 code [0x000002d707b59ba0, 0x000002d707b59c58]
Event: 1.693 Thread 0x000002d77ef93000 1199       4       java.util.ArrayList::<init> (61 bytes)
Event: 1.695 Thread 0x000002d77ef93000 nmethod 1199 0x000002d707b59d10 code [0x000002d707b59ea0, 0x000002d707b5a1b8]
Event: 1.695 Thread 0x000002d77ef93000 1227       4       org.eclipse.jdt.launching.internal.org.objectweb.asm.ByteVector::putByteArray (49 bytes)
Event: 1.696 Thread 0x000002d77ef93000 nmethod 1227 0x000002d707b5a290 code [0x000002d707b5a420, 0x000002d707b5a5d8]
Event: 1.696 Thread 0x000002d77ef93000 1205       4       org.metacsp.framework.Constraint::<init> (38 bytes)
Event: 1.698 Thread 0x000002d77ef93000 nmethod 1205 0x000002d707b5a710 code [0x000002d707b5a8a0, 0x000002d707b5ab48]
Event: 1.698 Thread 0x000002d77ef93000 1206       4       org.metacsp.time.SimpleDistanceConstraint::<init> (17 bytes)
Event: 1.703 Thread 0x000002d77ef93000 nmethod 1206 0x000002d707b5ac10 code [0x000002d707b5adc0, 0x000002d707b5b408]
Event: 1.703 Thread 0x000002d77ef93000 1363       4       org.metacsp.time.APSPSolver::sum (24 bytes)
Event: 1.703 Thread 0x000002d77ef93000 nmethod 1363 0x000002d707b5b610 code [0x000002d707b5b7a0, 0x000002d707b5b858]
Event: 2.799 Thread 0x000002d77fa48800 


GC Heap History (6 events):
Event: 0.606 GC heap before
{Heap before GC invocations=0 (full 0):
 garbage-first heap   total 262144K, used 14336K [0x0000000701c00000, 0x0000000800000000)
  region size 1024K, 14 young (14336K), 0 survivors (0K)
 Metaspace       used 3629K, capacity 5477K, committed 5632K, reserved 1056768K
  class space    used 323K, capacity 483K, committed 512K, reserved 1048576K
}
Event: 0.609 GC heap after
{Heap after GC invocations=1 (full 0):
 garbage-first heap   total 262144K, used 4252K [0x0000000701c00000, 0x0000000800000000)
  region size 1024K, 2 young (2048K), 2 survivors (2048K)
 Metaspace       used 3629K, capacity 5477K, committed 5632K, reserved 1056768K
  class space    used 323K, capacity 483K, committed 512K, reserved 1048576K
}
Event: 1.137 GC heap before
{Heap before GC invocations=1 (full 0):
 garbage-first heap   total 262144K, used 157852K [0x0000000701c00000, 0x0000000800000000)
  region size 1024K, 153 young (156672K), 2 survivors (2048K)
 Metaspace       used 6317K, capacity 7401K, committed 7424K, reserved 1056768K
  class space    used 642K, capacity 763K, committed 768K, reserved 1048576K
}
Event: 1.177 GC heap after
{Heap after GC invocations=2 (full 0):
 garbage-first heap   total 293888K, used 136990K [0x0000000701c00000, 0x0000000800000000)
  region size 1024K, 20 young (20480K), 20 survivors (20480K)
 Metaspace       used 6317K, capacity 7401K, committed 7424K, reserved 1056768K
  class space    used 642K, capacity 763K, committed 768K, reserved 1048576K
}
Event: 1.209 GC heap before
{Heap before GC invocations=2 (full 0):
 garbage-first heap   total 293888K, used 155422K [0x0000000701c00000, 0x0000000800000000)
  region size 1024K, 38 young (38912K), 20 survivors (20480K)
 Metaspace       used 6427K, capacity 7509K, committed 7808K, reserved 1056768K
  class space    used 657K, capacity 798K, committed 896K, reserved 1048576K
}
Event: 1.218 GC heap after
{Heap after GC invocations=3 (full 0):
 garbage-first heap   total 293888K, used 150528K [0x0000000701c00000, 0x0000000800000000)
  region size 1024K, 5 young (5120K), 5 survivors (5120K)
 Metaspace       used 6427K, capacity 7509K, committed 7808K, reserved 1056768K
  class space    used 657K, capacity 798K, committed 896K, reserved 1048576K
}

Deoptimization events (20 events):
Event: 1.044 Thread 0x000002d772d6a000 DEOPT PACKING pc=0x000002d707b3132c sp=0x000000e4b2dfee40
Event: 1.044 Thread 0x000002d772d6a000 DEOPT UNPACKING pc=0x000002d70004912f sp=0x000000e4b2dfedf0 mode 2
Event: 1.195 Thread 0x000002d772d6a000 Uncommon trap: trap_request=0xffffff45 fr.pc=0x000002d707afa2ec relative=0x00000000000006ac
Event: 1.195 Thread 0x000002d772d6a000 Uncommon trap: reason=unstable_if action=reinterpret pc=0x000002d707afa2ec method=java.lang.AbstractStringBuilder.append(Ljava/lang/String;)Ljava/lang/AbstractStringBuilder; @ 1 c2
Event: 1.195 Thread 0x000002d772d6a000 DEOPT PACKING pc=0x000002d707afa2ec sp=0x000000e4b2dfdde0
Event: 1.195 Thread 0x000002d772d6a000 DEOPT UNPACKING pc=0x000002d70004912f sp=0x000000e4b2dfdd80 mode 2
Event: 1.232 Thread 0x000002d772d6a000 Uncommon trap: trap_request=0xffffff45 fr.pc=0x000002d707b32c78 relative=0x0000000000000258
Event: 1.232 Thread 0x000002d772d6a000 Uncommon trap: reason=unstable_if action=reinterpret pc=0x000002d707b32c78 method=java.util.HashMap.getNode(ILjava/lang/Object;)Ljava/util/HashMap$Node; @ 62 c2
Event: 1.232 Thread 0x000002d772d6a000 DEOPT PACKING pc=0x000002d707b32c78 sp=0x000000e4b2dfe740
Event: 1.232 Thread 0x000002d772d6a000 DEOPT UNPACKING pc=0x000002d70004912f sp=0x000000e4b2dfe6e0 mode 2
Event: 1.232 Thread 0x000002d772d6a000 Uncommon trap: trap_request=0xffffff45 fr.pc=0x000002d707b33e44 relative=0x0000000000000284
Event: 1.232 Thread 0x000002d772d6a000 Uncommon trap: reason=unstable_if action=reinterpret pc=0x000002d707b33e44 method=java.util.HashMap.getNode(ILjava/lang/Object;)Ljava/util/HashMap$Node; @ 62 c2
Event: 1.232 Thread 0x000002d772d6a000 DEOPT PACKING pc=0x000002d707b33e44 sp=0x000000e4b2dfe7d0
Event: 1.232 Thread 0x000002d772d6a000 DEOPT UNPACKING pc=0x000002d70004912f sp=0x000000e4b2dfe720 mode 2
Event: 1.233 Thread 0x000002d772d6a000 DEOPT PACKING pc=0x000002d7008186e2 sp=0x000000e4b2dfecd0
Event: 1.233 Thread 0x000002d772d6a000 DEOPT UNPACKING pc=0x000002d70004964e sp=0x000000e4b2dfe1e8 mode 0
Event: 1.273 Thread 0x000002d772d6a000 Uncommon trap: trap_request=0xffffffde fr.pc=0x000002d707b34f38 relative=0x00000000000004d8
Event: 1.273 Thread 0x000002d772d6a000 Uncommon trap: reason=class_check action=maybe_recompile pc=0x000002d707b34f38 method=org.metacsp.framework.ConstraintNetwork.getVariable(I)Lorg/metacsp/framework/Variable; @ 11 c2
Event: 1.273 Thread 0x000002d772d6a000 DEOPT PACKING pc=0x000002d707b34f38 sp=0x000000e4b2dff370
Event: 1.273 Thread 0x000002d772d6a000 DEOPT UNPACKING pc=0x000002d70004912f sp=0x000000e4b2dff308 mode 2

Classes unloaded (0 events):
No events

Classes redefined (3 events):
Event: 109.792 Thread 0x000002d77ef6b800 redefined class name=examples.geometric.TestSpatialRACEDomain, count=1
Event: 201.963 Thread 0x000002d77ef6b800 redefined class name=examples.geometric.TestSpatialRACEDomain, count=2
Event: 236.467 Thread 0x000002d77ef6b800 redefined class name=examples.geometric.TestSpatialRACEDomain, count=3

Internal exceptions (4 events):
Event: 0.852 Thread 0x000002d772d6a000 Exception <a 'java/lang/ClassNotFoundException'{0x0000000711045fa0}: sun/awt/resources/spi/awtProvider> (0x0000000711045fa0) 
thrown [t:/workspace/open/src/hotspot/share/classfile/systemDictionary.cpp, line 232]
Event: 0.870 Thread 0x000002d772d6a000 Exception <a 'java/io/FileNotFoundException'{0x00000007110909c8}> (0x00000007110909c8) 
thrown [t:/workspace/open/src/hotspot/share/prims/jni.cpp, line 598]
Event: 0.877 Thread 0x000002d772d6a000 Exception <a 'java/io/FileNotFoundException'{0x00000007110b9060}> (0x00000007110b9060) 
thrown [t:/workspace/open/src/hotspot/share/prims/jni.cpp, line 598]
Event: 1.195 Thread 0x000002d772d6a000 Implicit null exception at 0x000002d707af9c87 to 0x000002d707afa2ce

Events (20 events):
Event: 202.024 Executing VM operation: GetCurrentContendedMonitor
Event: 202.024 Executing VM operation: GetCurrentContendedMonitor done
Event: 236.465 Executing VM operation: RedefineClasses
Event: 236.470 Executing VM operation: RedefineClasses done
Event: 236.474 Executing VM operation: ChangeBreakpoints
Event: 236.475 Executing VM operation: ChangeBreakpoints done
Event: 236.479 Executing VM operation: ChangeBreakpoints
Event: 236.479 Executing VM operation: ChangeBreakpoints done
Event: 236.486 Executing VM operation: ChangeBreakpoints
Event: 236.486 Executing VM operation: ChangeBreakpoints done
Event: 236.487 Executing VM operation: GetFrameCount
Event: 236.488 Executing VM operation: GetFrameCount done
Event: 236.488 Executing VM operation: GetStackTrace
Event: 236.488 Executing VM operation: GetStackTrace done
Event: 236.520 Executing VM operation: GetFrameCount
Event: 236.520 Executing VM operation: GetFrameCount done
Event: 236.521 Executing VM operation: GetOwnedMonitorInfo
Event: 236.521 Executing VM operation: GetOwnedMonitorInfo done
Event: 236.521 Executing VM operation: GetCurrentContendedMonitor
Event: 236.521 Executing VM operation: GetCurrentContendedMonitor done


Dynamic libraries:
0x00007ff756450000 - 0x00007ff75645f000 	C:\Program Files\java\jdk-13.0.1\bin\javaw.exe
0x00007ffffce70000 - 0x00007ffffd066000 	C:\WINDOWS\SYSTEM32\ntdll.dll
0x00007ffffc830000 - 0x00007ffffc8ed000 	C:\WINDOWS\System32\KERNEL32.DLL
0x00007ffffa7e0000 - 0x00007ffffaaa9000 	C:\WINDOWS\System32\KERNELBASE.dll
0x00007ffffab80000 - 0x00007ffffac80000 	C:\WINDOWS\System32\ucrtbase.dll
0x00007fffe6640000 - 0x00007fffe6655000 	C:\Program Files\java\jdk-13.0.1\bin\VCRUNTIME140.dll
0x00007fffe6710000 - 0x00007fffe6728000 	C:\Program Files\java\jdk-13.0.1\bin\jli.dll
0x00007ffffb2a0000 - 0x00007ffffb34c000 	C:\WINDOWS\System32\ADVAPI32.dll
0x00007ffffc8f0000 - 0x00007ffffc98e000 	C:\WINDOWS\System32\msvcrt.dll
0x00007ffffbe20000 - 0x00007ffffbebc000 	C:\WINDOWS\System32\sechost.dll
0x00007ffffcaf0000 - 0x00007ffffcc1b000 	C:\WINDOWS\System32\RPCRT4.dll
0x00007ffffc690000 - 0x00007ffffc830000 	C:\WINDOWS\System32\USER32.dll
0x00007ffffa7b0000 - 0x00007ffffa7d2000 	C:\WINDOWS\System32\win32u.dll
0x00007ffffcac0000 - 0x00007ffffcaea000 	C:\WINDOWS\System32\GDI32.dll
0x00007fffe5d60000 - 0x00007fffe5ffb000 	C:\WINDOWS\WinSxS\amd64_microsoft.windows.common-controls_6595b64144ccf1df_6.0.19041.488_none_ca04af081b815d21\COMCTL32.dll
0x00007ffffadc0000 - 0x00007ffffaec9000 	C:\WINDOWS\System32\gdi32full.dll
0x00007ffffa5b0000 - 0x00007ffffa64d000 	C:\WINDOWS\System32\msvcp_win.dll
0x00007ffff44f0000 - 0x00007ffff44fa000 	C:\WINDOWS\SYSTEM32\VERSION.dll
0x00007ffffb3e0000 - 0x00007ffffb410000 	C:\WINDOWS\System32\IMM32.DLL
0x00007fffc0a10000 - 0x00007fffc0aab000 	C:\Program Files\java\jdk-13.0.1\bin\msvcp140.dll
0x00007fffb5b70000 - 0x00007fffb66d6000 	C:\Program Files\java\jdk-13.0.1\bin\server\jvm.dll
0x00007ffffce20000 - 0x00007ffffce28000 	C:\WINDOWS\System32\PSAPI.DLL
0x00007fffe3e40000 - 0x00007fffe3e49000 	C:\WINDOWS\SYSTEM32\WSOCK32.dll
0x00007ffffbec0000 - 0x00007ffffbf2b000 	C:\WINDOWS\System32\WS2_32.dll
0x00007fffe78f0000 - 0x00007fffe7917000 	C:\WINDOWS\SYSTEM32\WINMM.dll
0x00007ffff86c0000 - 0x00007ffff86d2000 	C:\WINDOWS\SYSTEM32\kernel.appcore.dll
0x00007fffe9470000 - 0x00007fffe9480000 	C:\Program Files\java\jdk-13.0.1\bin\verify.dll
0x00007ffff8240000 - 0x00007ffff8424000 	C:\WINDOWS\SYSTEM32\DBGHELP.DLL
0x00007fffe27a0000 - 0x00007fffe27cc000 	C:\WINDOWS\SYSTEM32\dbgcore.DLL
0x00007ffffab00000 - 0x00007ffffab80000 	C:\WINDOWS\System32\bcryptPrimitives.dll
0x00007fffd3310000 - 0x00007fffd3336000 	C:\Program Files\java\jdk-13.0.1\bin\java.dll
0x00007fffe7110000 - 0x00007fffe7148000 	C:\Program Files\java\jdk-13.0.1\bin\jdwp.dll
0x00007ffff51d0000 - 0x00007ffff51de000 	C:\Program Files\java\jdk-13.0.1\bin\instrument.dll
0x00007fffd32f0000 - 0x00007fffd3307000 	C:\Program Files\java\jdk-13.0.1\bin\zip.dll
0x00007fffe9160000 - 0x00007fffe916a000 	C:\Program Files\java\jdk-13.0.1\bin\jimage.dll
0x00007ffffbf40000 - 0x00007ffffc682000 	C:\WINDOWS\System32\SHELL32.dll
0x00007ffff86e0000 - 0x00007ffff8e75000 	C:\WINDOWS\SYSTEM32\windows.storage.dll
0x00007ffffb950000 - 0x00007ffffbca6000 	C:\WINDOWS\System32\combase.dll
0x00007ffff9fb0000 - 0x00007ffff9fdc000 	C:\WINDOWS\SYSTEM32\Wldp.dll
0x00007ffffbd70000 - 0x00007ffffbe1e000 	C:\WINDOWS\System32\SHCORE.dll
0x00007ffffb380000 - 0x00007ffffb3d5000 	C:\WINDOWS\System32\shlwapi.dll
0x00007ffffa4e0000 - 0x00007ffffa506000 	C:\WINDOWS\SYSTEM32\profapi.dll
0x00007fffebc80000 - 0x00007fffebc8b000 	C:\Program Files\java\jdk-13.0.1\bin\dt_socket.dll
0x00007ffff9d30000 - 0x00007ffff9d9a000 	C:\WINDOWS\system32\mswsock.dll
0x00007ffff9a60000 - 0x00007ffff9b2b000 	C:\WINDOWS\SYSTEM32\DNSAPI.dll
0x00007ffff9a20000 - 0x00007ffff9a5b000 	C:\WINDOWS\SYSTEM32\IPHLPAPI.DLL
0x00007ffffbf30000 - 0x00007ffffbf38000 	C:\WINDOWS\System32\NSI.dll
0x00007fffe4d70000 - 0x00007fffe4d7a000 	C:\Windows\System32\rasadhlp.dll
0x00007fffe9080000 - 0x00007fffe90ff000 	C:\WINDOWS\System32\fwpuclnt.dll
0x00007ffffac80000 - 0x00007ffffaca7000 	C:\WINDOWS\System32\bcrypt.dll
0x00007fffd31d0000 - 0x00007fffd31e9000 	C:\Program Files\java\jdk-13.0.1\bin\net.dll
0x00007fffe8da0000 - 0x00007fffe8ea0000 	C:\WINDOWS\SYSTEM32\WINHTTP.dll
0x00007fffd31b0000 - 0x00007fffd31c3000 	C:\Program Files\java\jdk-13.0.1\bin\nio.dll
0x00007fffbfff0000 - 0x00007fffc0189000 	C:\Program Files\java\jdk-13.0.1\bin\awt.dll
0x00007ffffb410000 - 0x00007ffffb4dd000 	C:\WINDOWS\System32\OLEAUT32.dll
0x00007ffff6220000 - 0x00007ffff67e0000 	C:\WINDOWS\SYSTEM32\d2d1.dll
0x00007ffff7a00000 - 0x00007ffff7a90000 	C:\WINDOWS\SYSTEM32\apphelp.dll

dbghelp: loaded successfully - version: 4.0.5 - missing functions: none
symbol engine: initialized successfully - sym options: 0x614 - pdb path: .;C:\Program Files\java\jdk-13.0.1\bin;C:\WINDOWS\SYSTEM32;C:\WINDOWS\WinSxS\amd64_microsoft.windows.common-controls_6595b64144ccf1df_6.0.19041.488_none_ca04af081b815d21;C:\Program Files\java\jdk-13.0.1\bin\server

VM Arguments:
jvm_args: -agentlib:jdwp=transport=dt_socket,suspend=y,address=localhost:51347 -javaagent:C:\Users\ASUS\eclipse\java-2020-03\eclipse\configuration\org.eclipse.osgi\223\0\.cp\lib\javaagent-shaded.jar -Dfile.encoding=Cp1252 
java_command: examples.geometric.TestSpatialRACEDomain
java_class_path (initial): C:\Users\ASUS\Documents\Projects git ++\shrdlu-2020\chimp\bin\main;C:\Users\ASUS\.gradle\caches\modules-2\files-2.1\net.sf.jung\jung-graph-impl\2.0.1\37e4cbe198ca7ffd2238ebfee8c5d84d6d79e1c2\jung-graph-impl-2.0.1.jar;C:\Users\ASUS\.gradle\caches\modules-2\files-2.1\net.sf.jung\jung-visualization\2.0.1\128430bd695571135c038c86541fc21129416584\jung-visualization-2.0.1.jar;C:\Users\ASUS\.gradle\caches\modules-2\files-2.1\net.sf.jung\jung-algorithms\2.0.1\bc6983fcf65c451eedd5080795ef481fcf84b509\jung-algorithms-2.0.1.jar;C:\Users\ASUS\.gradle\caches\modules-2\files-2.1\org.metacsp\meta-csp-framework\1.3.5\ea3b703fd9a0e13f2e47b9a59931a14d8ab2d858\meta-csp-framework-1.3.5.jar;C:\Users\ASUS\.gradle\caches\modules-2\files-2.1\info.picocli\picocli\4.5.1\ff913b736b6ffc7cdf8144401b02a501554ba0c5\picocli-4.5.1.jar;C:\Users\ASUS\.gradle\caches\modules-2\files-2.1\com.google.guava\guava\29.0-jre\801142b4c3d0f0770dd29abea50906cacfddd447\guava-29.0-jre.jar;C:\Users\ASUS\.gradle\caches\modules-2\files-2.1\org.choco-solver\choco-solver\4.10.2\f064d9099df77beeba659be1a53e993b7050f048\choco-solver-4.10.2.jar;C:\Users\ASUS\.gradle\caches\modules-2\files-2.1\org.antlr\antlr4-runtime\4.8\7fe453b678b71c87c6677cef26f6b0cd96b26586\antlr4-runtime-4.8.jar;C:\Users\ASUS\.gradle\caches\modules-2\files-2.1\com.fasterxml.jackson.dataformat\jackson-dataformat-yaml\2.11.3\4e3bc00e0175c9be7bbe41c9c6b000591d0a2567\jackson-dataformat-yaml-2.11.3.jar;C:\Users\ASUS\.gradle\caches\modules-2\files-2.1\net.sf.jung\jung-api\2.0.1\843d5ccb44dd310ed0e36cb9b776baa0391515a2\jung-api-2.0.1.jar;C:\Users\ASUS\.gradle\caches\modules-2\files-2.1\net.sourceforge.collections\collections-generic\4.01\12dddecd8e8c24f5c9453a6d3ecb13b38e59db52\collections-generic-4.01.jar;C:\Users\ASUS\.gradle\caches\modules-2\files-2.1\colt\colt\1.2.0\abc984f3adc760684d49e0f11ddf167ba516d4f\colt-1.2.0.jar;C:\Users\ASUS\.gradle\caches\modules-2\files-2.1\com.google.guava\failureaccess\1.0.1\1dcf1de382a0bf95a3d8
Launcher Type: SUN_STANDARD

[Global flags]
     intx CICompilerCount                          = 3                                         {product} {ergonomic}
     uint ConcGCThreads                            = 1                                         {product} {ergonomic}
     uint G1ConcRefinementThreads                  = 4                                         {product} {ergonomic}
   size_t G1HeapRegionSize                         = 1048576                                   {product} {ergonomic}
    uintx GCDrainStackTargetSize                   = 64                                        {product} {ergonomic}
   size_t InitialHeapSize                          = 268435456                                 {product} {ergonomic}
   size_t MarkStackSize                            = 4194304                                   {product} {ergonomic}
   size_t MaxHeapSize                              = 4265607168                                {product} {ergonomic}
   size_t MaxNewSize                               = 2558525440                                {product} {ergonomic}
   size_t MinHeapDeltaBytes                        = 1048576                                   {product} {ergonomic}
   size_t MinHeapSize                              = 8388608                                   {product} {ergonomic}
    uintx NonNMethodCodeHeapSize                   = 5830732                                {pd product} {ergonomic}
    uintx NonProfiledCodeHeapSize                  = 122913754                              {pd product} {ergonomic}
    uintx ProfiledCodeHeapSize                     = 122913754                              {pd product} {ergonomic}
    uintx ReservedCodeCacheSize                    = 251658240                              {pd product} {ergonomic}
     bool SegmentedCodeCache                       = true                                      {product} {ergonomic}
   size_t SoftMaxHeapSize                          = 4265607168                             {manageable} {ergonomic}
     bool UseCompressedClassPointers               = true                                 {lp64_product} {ergonomic}
     bool UseCompressedOops                        = true                                 {lp64_product} {ergonomic}
     bool UseG1GC                                  = true                                      {product} {ergonomic}
     bool UseLargePagesIndividualAllocation        = false                                  {pd product} {ergonomic}

Logging:
Log output configuration:
 #0: stdout all=warning uptime,level,tags
 #1: stderr all=off uptime,level,tags

Environment Variables:
PATH=C:/Program Files/Java/jre1.8.0_261/bin/server;C:/Program Files/Java/jre1.8.0_261/bin;C:/Program Files/Java/jre1.8.0_261/lib/amd64;C:\RoboDK\Python37\Scripts\;C:\RoboDK\Python37\;C:\Program Files (x86)\Common Files\Oracle\Java\javapath;C:\Program Files (x86)\NVIDIA Corporation\PhysX\Common;C:\WINDOWS\system32;C:\WINDOWS;C:\WINDOWS\System32\Wbem;C:\WINDOWS\System32\WindowsPowerShell\v1.0\;C:\WINDOWS\System32\OpenSSH\;C:\Program Files\dotnet\;C:\Program Files\Microsoft SQL Server\130\Tools\Binn\;C:\Program Files\java\jdk-13.0.1\bin;C:\Program Files\java\jdk1.8.0_231\bin;C:\Program Files\nodejs\;C:\ProgramData\chocolatey\bin;C:\Program Files (x86)\dotnet\;C:\Program Files (x86)\VisioForge\VisioForge .Net SDKs Base Redist x86\;C:\Program Files\VisioForge\VisioForge .Net SDKs Base Redist x64\;C:\Program Files\Microsoft SQL Server\Client SDK\ODBC\170\Tools\Binn\;C:\Gradle\gradle-6.3\bin;C:\Program Files\Git\cmd;C:\Users\ASUS\Downloads\jshop2-master\jshop2-master\bin\JSHOP2.jar;C:\Users\ASUS\Downloads\jshop2-master\jshop2-master\bin\antlr.jar;C:\Users\ASUS\AppData\Local\Programs\Python\Python39\Scripts\;C:\Users\ASUS\AppData\Local\Programs\Python\Python39\;C:\Users\ASUS\AppData\Roaming\local\bin;C:\Users\ASUS\AppData\Local\Microsoft\WindowsApps;;C:\Users\ASUS\AppData\Local\Programs\Microsoft VS Code\bin;C:\Users\ASUS\AppData\Roaming\npm;C:\Program Files\swipl\bin;C:\Users\ASUS\.dotnet\tools;C:\Users\ASUS\AppData\Local\Microsoft\WindowsApps;C:\WINDOWS\system32;
USERNAME=ASUS
OS=Windows_NT
PROCESSOR_IDENTIFIER=Intel64 Family 6 Model 142 Stepping 9, GenuineIntel



---------------  S Y S T E M  ---------------

OS: Windows 10 , 64 bit Build 19041 (10.0.19041.662)

CPU:total 4 (initial active 4) (2 cores per cpu, 2 threads per core) family 6 model 142 stepping 9, cmov, cx8, fxsr, mmx, sse, sse2, sse3, ssse3, sse4.1, sse4.2, popcnt, avx, avx2, aes, clmul, erms, 3dnowpref, lzcnt, ht, tsc, tscinvbit, bmi1, bmi2, adx, fma

Memory: 4k page, system-wide physical 16265M (9319M free)
TotalPageFile size 18697M (AvailPageFile size 8554M)
current process WorkingSet (physical memory assigned to process): 336M, peak: 491M
current process commit charge ("private bytes"): 381M, peak: 541M

vm_info: Java HotSpot(TM) 64-Bit Server VM (13.0.1+9) for windows-amd64 JRE (13.0.1+9), built on Oct  6 2019 12:37:49 by "mach5one" with unknown MS VC++:1916

END.
