#
# A fatal error has been detected by the Java Runtime Environment:
#
#  EXCEPTION_ACCESS_VIOLATION (0xc0000005) at pc=0x00007fffb8576ef9, pid=13036, tid=8868
#
# JRE version: Java(TM) SE Runtime Environment (13.0.1+9) (build 13.0.1+9)
# Java VM: Java HotSpot(TM) 64-Bit Server VM (13.0.1+9, mixed mode, sharing, tiered, compressed oops, g1 gc, windows-amd64)
# Problematic frame:
# V  [jvm.dll+0x246ef9]
#
# No core dump will be written. Minidumps are not enabled by default on client versions of Windows
#
# If you would like to submit a bug report, please visit:
#   http://bugreport.java.com/bugreport/crash.jsp
#

---------------  S U M M A R Y ------------

Command Line: -agentlib:jdwp=transport=dt_socket,suspend=y,address=localhost:56269 -javaagent:C:\Users\ASUS\eclipse\java-2020-03\eclipse\configuration\org.eclipse.osgi\223\0\.cp\lib\javaagent-shaded.jar -Dfile.encoding=Cp1252 examples.geometric.TestSpatialRACEDomain

Host: Intel(R) Core(TM) i7-7500U CPU @ 2.70GHz, 4 cores, 15G,  Windows 10 , 64 bit Build 19041 (10.0.19041.662)
Time: Tue Jan 12 20:23:45 2021 Paris, Madrid elapsed time: 266 seconds (0d 0h 4m 26s)

---------------  T H R E A D  ---------------

Current thread (0x000002baffabf800):  JavaThread "JDWP Transport Listener: dt_socket" daemon [_thread_in_vm, id=8868, stack(0x000000cb3a500000,0x000000cb3a600000)] _threads_hazard_ptr=0x000002ba934f05d0

Stack: [0x000000cb3a500000,0x000000cb3a600000],  sp=0x000000cb3a5fe8b8,  free space=1018k
Native frames: (J=compiled Java code, j=interpreted, Vv=VM code, C=native code)
V  [jvm.dll+0x246ef9]


siginfo: EXCEPTION_ACCESS_VIOLATION (0xc0000005), reading address 0x000002baff744b50


Register to memory mapping:

RIP=0x00007fffb8576ef9 jvm.dll
RAX=0x0000000000194820 is an unknown value
RBX=0x000002baff47c2a8 is pointing into metadata
RCX=0x000002baff5b0330 is pointing into metadata
RDX=0x000000000000ca40 is an unknown value
RSP=0x000000cb3a5fe8b8 is pointing into the stack for thread: 0x000002baffabf800
RBP=0x000000cb3a5fee60 is pointing into the stack for thread: 0x000002baffabf800
RSI=0x000000cb3a5fefd0 is pointing into the stack for thread: 0x000002baffabf800
RDI=0x000000cb3a5fefd0 is pointing into the stack for thread: 0x000002baffabf800
R8 =0x0 is NULL
R9 =0x000002baff47c2a8 is pointing into metadata
R10=0x0 is NULL
R11=0x0 is NULL
R12=0x000002ba907900b0 points into unknown readable memory: 00 00 00 00 6b 05 00 00
R13=0x0000000000000c30 is an unknown value
R14=0x000002baff480616 is pointing into metadata
R15=0x00000000000005a8 is an unknown value


Registers:
RAX=0x0000000000194820, RBX=0x000002baff47c2a8, RCX=0x000002baff5b0330, RDX=0x000000000000ca40
RSP=0x000000cb3a5fe8b8, RBP=0x000000cb3a5fee60, RSI=0x000000cb3a5fefd0, RDI=0x000000cb3a5fefd0
R8 =0x0000000000000000, R9 =0x000002baff47c2a8, R10=0x0000000000000000, R11=0x0000000000000000
R12=0x000002ba907900b0, R13=0x0000000000000c30, R14=0x000002baff480616, R15=0x00000000000005a8
RIP=0x00007fffb8576ef9, EFLAGS=0x0000000000010202

Top of Stack: (sp=0x000000cb3a5fe8b8)
0x000000cb3a5fe8b8:   00007fffb8576f7e 000000cb3a5fe920
0x000000cb3a5fe8c8:   0000000000000000 0000000000000000
0x000000cb3a5fe8d8:   0000000000000000 0000000000000000
0x000000cb3a5fe8e8:   00007fffb8661ad0 0000000000000000
0x000000cb3a5fe8f8:   000000cb3a5fefd0 000002baff9d95b0
0x000000cb3a5fe908:   0000000000000000 0000000000000000
0x000000cb3a5fe918:   0000000000000000 00007fffb8bb4290
0x000000cb3a5fe928:   00000008004148f0 0000000000000002
0x000000cb3a5fe938:   000000000000000c 000000cb3a5fe960
0x000000cb3a5fe948:   0000000000000001 0000000046000599
0x000000cb3a5fe958:   0000000000000000 4fffffff4fffffff
0x000000cb3a5fe968:   4fffffff4fffffff 0000000000000000
0x000000cb3a5fe978:   0000000000000000 0000000000000000
0x000000cb3a5fe988:   0000000000000000 0000000000000000
0x000000cb3a5fe998:   0000000000000000 0000000000000000
0x000000cb3a5fe9a8:   0000000000000000 0000000000000000 

Instructions: (pc=0x00007fffb8576ef9)
0x00007fffb8576df9:   03 03 03 03 03 03 03 03 03 03 03 03 03 03 03 03
0x00007fffb8576e09:   03 03 03 03 03 03 03 03 03 03 03 03 03 03 03 03
0x00007fffb8576e19:   03 03 03 03 03 03 03 03 03 03 03 03 03 03 03 03
0x00007fffb8576e29:   03 03 03 03 03 03 03 03 03 03 03 03 03 03 03 03
0x00007fffb8576e39:   03 03 02 03 03 02 cc 48 89 5c 24 08 48 89 74 24
0x00007fffb8576e49:   10 57 48 83 ec 20 48 63 da 41 0f b6 f0 48 8b f9
0x00007fffb8576e59:   85 d2 79 24 4c 8d 0d 64 6b 62 00 ba 97 02 00 00
0x00007fffb8576e69:   4c 8d 05 90 6b 62 00 48 8d 0d f9 6a 62 00 e8 04
0x00007fffb8576e79:   6b 00 00 e8 9f fb 3d 00 40 84 f6 75 18 48 8b 4f
0x00007fffb8576e89:   10 48 85 c9 74 0f 48 8d 43 01 48 c1 e0 05 48 8b
0x00007fffb8576e99:   04 08 0f b7 d8 48 8b 74 24 38 48 63 c3 48 8b 5c
0x00007fffb8576ea9:   24 30 0f b7 44 c7 40 48 83 c4 20 5f c3 cc cc cc
0x00007fffb8576eb9:   cc cc cc cc cc cc cc 4c 8b c9 45 84 c0 75 42 48
0x00007fffb8576ec9:   8b 49 10 48 85 c9 74 39 85 d2 79 1a f7 d2 48 63
0x00007fffb8576ed9:   c2 48 ff c0 48 c1 e0 05 48 8b 04 08 0f b7 c8 41
0x00007fffb8576ee9:   0f b7 44 c9 42 c3 48 63 c2 48 ff c0 48 c1 e0 05
0x00007fffb8576ef9:   48 8b 04 08 0f b7 d0 48 63 c2 41 0f b7 44 c1 42
0x00007fffb8576f09:   c3 49 8b 41 08 4c 63 c2 42 0f b6 44 00 04 8d 48
0x00007fffb8576f19:   ef 80 f9 01 76 0e 3c 6a 74 0a 48 63 c2 41 0f b7
0x00007fffb8576f29:   44 c1 42 c3 43 0f b7 44 c1 42 c3 cc cc cc cc cc
0x00007fffb8576f39:   cc cc cc cc cc cc cc 40 53 48 83 ec 20 48 8b d9
0x00007fffb8576f49:   e8 72 ff ff ff 48 63 d0 0f b7 44 d3 40 48 8b 44
0x00007fffb8576f59:   c3 40 48 83 c4 20 5b c3 cc cc cc cc cc cc cc cc
0x00007fffb8576f69:   cc cc cc cc cc cc cc 40 53 48 83 ec 20 48 8b d9
0x00007fffb8576f79:   e8 42 ff ff ff 48 63 d0 0f b7 44 d3 42 48 8b 44
0x00007fffb8576f89:   c3 40 48 83 c4 20 5b c3 cc cc cc cc cc cc cc cc
0x00007fffb8576f99:   cc cc cc cc cc cc cc 4c 8b d1 45 84 c9 75 23 4c
0x00007fffb8576fa9:   8b 49 10 4d 85 c9 74 1a 45 85 c0 79 03 41 f7 d0
0x00007fffb8576fb9:   49 63 c0 48 ff c0 48 c1 e0 05 4a 8b 04 08 44 0f
0x00007fffb8576fc9:   b7 c0 49 8b 42 08 49 63 c8 0f b6 4c 08 04 48 8b
0x00007fffb8576fd9:   c2 88 0a c3 cc cc cc 40 56 57 41 54 41 56 41 57
0x00007fffb8576fe9:   48 83 ec 20 45 8b 30 49 8b f0 49 63 f9 4c 8b e2 


Stack slot to memory mapping:
stack at sp + 0 slots: 0x00007fffb8576f7e jvm.dll
stack at sp + 1 slots: 0x000000cb3a5fe920 is pointing into the stack for thread: 0x000002baffabf800
stack at sp + 2 slots: 0x0 is NULL
stack at sp + 3 slots: 0x0 is NULL
stack at sp + 4 slots: 0x0 is NULL
stack at sp + 5 slots: 0x0 is NULL
stack at sp + 6 slots: 0x00007fffb8661ad0 jvm.dll
stack at sp + 7 slots: 0x0 is NULL


---------------  P R O C E S S  ---------------

Threads class SMR info:
_java_thread_list=0x000002ba934f05d0, length=13, elements={
0x000002bae8e98800, 0x000002bafef8d000, 0x000002bafef91000, 0x000002bafefad000,
0x000002bafefaf800, 0x000002bafefb0800, 0x000002bafefb7800, 0x000002bafefb9000,
0x000002bafef76800, 0x000002baffabf800, 0x000002baffad2800, 0x000002baff9f0000,
0x000002baffa14000
}

Java Threads: ( => current thread )
  0x000002bae8e98800 JavaThread "main" [_thread_blocked, id=18376, stack(0x000000cb39600000,0x000000cb39700000)]
  0x000002bafef8d000 JavaThread "Reference Handler" daemon [_thread_blocked, id=10220, stack(0x000000cb39d00000,0x000000cb39e00000)]
  0x000002bafef91000 JavaThread "Finalizer" daemon [_thread_blocked, id=16012, stack(0x000000cb39e00000,0x000000cb39f00000)]
  0x000002bafefad000 JavaThread "Signal Dispatcher" daemon [_thread_blocked, id=16232, stack(0x000000cb39f00000,0x000000cb3a000000)]
  0x000002bafefaf800 JavaThread "Attach Listener" daemon [_thread_blocked, id=14480, stack(0x000000cb3a000000,0x000000cb3a100000)]
  0x000002bafefb0800 JavaThread "C2 CompilerThread0" daemon [_thread_blocked, id=10316, stack(0x000000cb3a100000,0x000000cb3a200000)]
  0x000002bafefb7800 JavaThread "C1 CompilerThread0" daemon [_thread_blocked, id=13820, stack(0x000000cb3a200000,0x000000cb3a300000)]
  0x000002bafefb9000 JavaThread "Sweeper thread" daemon [_thread_blocked, id=8536, stack(0x000000cb3a300000,0x000000cb3a400000)]
  0x000002bafef76800 JavaThread "Common-Cleaner" daemon [_thread_blocked, id=13648, stack(0x000000cb3a400000,0x000000cb3a500000)]
=>0x000002baffabf800 JavaThread "JDWP Transport Listener: dt_socket" daemon [_thread_in_vm, id=8868, stack(0x000000cb3a500000,0x000000cb3a600000)]
  0x000002baffad2800 JavaThread "JDWP Event Helper Thread" daemon [_thread_blocked, id=15952, stack(0x000000cb3a600000,0x000000cb3a700000)]
  0x000002baff9f0000 JavaThread "JDWP Command Reader" daemon [_thread_in_native, id=3804, stack(0x000000cb3a700000,0x000000cb3a800000)]
  0x000002baffa14000 JavaThread "Service Thread" daemon [_thread_blocked, id=16284, stack(0x000000cb3a900000,0x000000cb3aa00000)]

Other Threads:
  0x000002bafef8b800 VMThread "VM Thread" [stack: 0x000000cb39c00000,0x000000cb39d00000] [id=924]
  0x000002baffb67000 WatcherThread [stack: 0x000000cb3aa00000,0x000000cb3ab00000] [id=14548]
  0x000002bae8f04800 GCTaskThread "GC Thread#0" [stack: 0x000000cb39700000,0x000000cb39800000] [id=12500]
  0x000002ba8fd28000 GCTaskThread "GC Thread#1" [stack: 0x000000cb3ab00000,0x000000cb3ac00000] [id=15592]
  0x000002ba8f572800 GCTaskThread "GC Thread#2" [stack: 0x000000cb3ac00000,0x000000cb3ad00000] [id=8508]
  0x000002ba8f613000 GCTaskThread "GC Thread#3" [stack: 0x000000cb3ad00000,0x000000cb3ae00000] [id=18812]
  0x000002bae8f28000 ConcurrentGCThread "G1 Main Marker" [stack: 0x000000cb39800000,0x000000cb39900000] [id=12936]
  0x000002bae8f29800 ConcurrentGCThread "G1 Conc#0" [stack: 0x000000cb39900000,0x000000cb39a00000] [id=3416]
  0x000002bafee86800 ConcurrentGCThread "G1 Refine#0" [stack: 0x000000cb39a00000,0x000000cb39b00000] [id=15076]
  0x000002ba92657800 ConcurrentGCThread "G1 Refine#1" [stack: 0x000000cb3ae00000,0x000000cb3af00000] [id=19348]
  0x000002ba8f577000 ConcurrentGCThread "G1 Refine#2" [stack: 0x000000cb3af00000,0x000000cb3b000000] [id=8824]
  0x000002bafee87800 ConcurrentGCThread "G1 Young RemSet Sampling" [stack: 0x000000cb39b00000,0x000000cb39c00000] [id=9592]

Threads with active compile tasks:

VM state:not at safepoint (normal execution)

VM Mutex/Monitor currently owned by a thread: None

Heap address: 0x0000000701c00000, size: 4068 MB, Compressed Oops mode: Zero based, Oop shift amount: 3
Narrow klass base: 0x0000000800000000, Narrow klass shift: 3
Compressed class space size: 1073741824 Address: 0x0000000800b40000

Heap:
 garbage-first heap   total 294912K, used 172443K [0x0000000701c00000, 0x0000000800000000)
  region size 1024K, 21 young (21504K), 1 survivors (1024K)
 Metaspace       used 7196K, capacity 8070K, committed 8320K, reserved 1056768K
  class space    used 733K, capacity 854K, committed 896K, reserved 1048576K
Heap Regions: E=young(eden), S=young(survivor), O=old, HS=humongous(starts), HC=humongous(continues), CS=collection set, F=free, A=archive, TAMS=top-at-mark-start (previous, next)
|   0|0x0000000701c00000, 0x0000000701d00000, 0x0000000701d00000|100%|HS|  |TAMS 0x0000000701d00000, 0x0000000701c00000| Complete 
|   1|0x0000000701d00000, 0x0000000701e00000, 0x0000000701e00000|100%| O|  |TAMS 0x0000000701e00000, 0x0000000701d00000| Untracked 
|   2|0x0000000701e00000, 0x0000000701f00000, 0x0000000701f00000|100%| O|  |TAMS 0x0000000701f00000, 0x0000000701e00000| Untracked 
|   3|0x0000000701f00000, 0x0000000702000000, 0x0000000702000000|100%| O|  |TAMS 0x0000000702000000, 0x0000000701f00000| Untracked 
|   4|0x0000000702000000, 0x0000000702100000, 0x0000000702100000|100%| O|  |TAMS 0x0000000702100000, 0x0000000702000000| Untracked 
|   5|0x0000000702100000, 0x0000000702200000, 0x0000000702200000|100%| O|  |TAMS 0x0000000702200000, 0x0000000702100000| Untracked 
|   6|0x0000000702200000, 0x0000000702300000, 0x0000000702300000|100%| O|  |TAMS 0x0000000702300000, 0x0000000702200000| Untracked 
|   7|0x0000000702300000, 0x0000000702400000, 0x0000000702400000|100%| O|  |TAMS 0x0000000702400000, 0x0000000702300000| Untracked 
|   8|0x0000000702400000, 0x0000000702500000, 0x0000000702500000|100%| O|  |TAMS 0x0000000702500000, 0x0000000702400000| Untracked 
|   9|0x0000000702500000, 0x0000000702600000, 0x0000000702600000|100%| O|  |TAMS 0x0000000702600000, 0x0000000702500000| Untracked 
|  10|0x0000000702600000, 0x0000000702700000, 0x0000000702700000|100%| O|  |TAMS 0x0000000702700000, 0x0000000702600000| Untracked 
|  11|0x0000000702700000, 0x0000000702800000, 0x0000000702800000|100%| O|  |TAMS 0x0000000702800000, 0x0000000702700000| Untracked 
|  12|0x0000000702800000, 0x0000000702900000, 0x0000000702900000|100%| O|  |TAMS 0x0000000702900000, 0x0000000702800000| Untracked 
|  13|0x0000000702900000, 0x0000000702a00000, 0x0000000702a00000|100%| O|  |TAMS 0x0000000702a00000, 0x0000000702900000| Untracked 
|  14|0x0000000702a00000, 0x0000000702b00000, 0x0000000702b00000|100%| O|  |TAMS 0x0000000702b00000, 0x0000000702a00000| Untracked 
|  15|0x0000000702b00000, 0x0000000702c00000, 0x0000000702c00000|100%| O|  |TAMS 0x0000000702c00000, 0x0000000702b00000| Untracked 
|  16|0x0000000702c00000, 0x0000000702d00000, 0x0000000702d00000|100%| O|  |TAMS 0x0000000702d00000, 0x0000000702c00000| Untracked 
|  17|0x0000000702d00000, 0x0000000702e00000, 0x0000000702e00000|100%| O|  |TAMS 0x0000000702e00000, 0x0000000702d00000| Untracked 
|  18|0x0000000702e00000, 0x0000000702f00000, 0x0000000702f00000|100%| O|  |TAMS 0x0000000702f00000, 0x0000000702e00000| Untracked 
|  19|0x0000000702f00000, 0x0000000703000000, 0x0000000703000000|100%| O|  |TAMS 0x0000000703000000, 0x0000000702f00000| Untracked 
|  20|0x0000000703000000, 0x0000000703100000, 0x0000000703100000|100%| O|  |TAMS 0x0000000703100000, 0x0000000703000000| Untracked 
|  21|0x0000000703100000, 0x0000000703200000, 0x0000000703200000|100%| O|  |TAMS 0x0000000703200000, 0x0000000703100000| Untracked 
|  22|0x0000000703200000, 0x0000000703300000, 0x0000000703300000|100%| O|  |TAMS 0x0000000703300000, 0x0000000703200000| Untracked 
|  23|0x0000000703300000, 0x0000000703400000, 0x0000000703400000|100%| O|  |TAMS 0x0000000703400000, 0x0000000703300000| Untracked 
|  24|0x0000000703400000, 0x0000000703500000, 0x0000000703500000|100%| O|  |TAMS 0x0000000703500000, 0x0000000703400000| Untracked 
|  25|0x0000000703500000, 0x0000000703600000, 0x0000000703600000|100%| O|  |TAMS 0x0000000703600000, 0x0000000703500000| Untracked 
|  26|0x0000000703600000, 0x0000000703700000, 0x0000000703700000|100%| O|  |TAMS 0x0000000703700000, 0x0000000703600000| Untracked 
|  27|0x0000000703700000, 0x0000000703800000, 0x0000000703800000|100%| O|  |TAMS 0x0000000703800000, 0x0000000703700000| Untracked 
|  28|0x0000000703800000, 0x0000000703900000, 0x0000000703900000|100%| O|  |TAMS 0x0000000703900000, 0x0000000703800000| Untracked 
|  29|0x0000000703900000, 0x0000000703a00000, 0x0000000703a00000|100%| O|  |TAMS 0x0000000703a00000, 0x0000000703900000| Untracked 
|  30|0x0000000703a00000, 0x0000000703b00000, 0x0000000703b00000|100%| O|  |TAMS 0x0000000703b00000, 0x0000000703a00000| Untracked 
|  31|0x0000000703b00000, 0x0000000703c00000, 0x0000000703c00000|100%| O|  |TAMS 0x0000000703c00000, 0x0000000703b00000| Untracked 
|  32|0x0000000703c00000, 0x0000000703d00000, 0x0000000703d00000|100%| O|  |TAMS 0x0000000703d00000, 0x0000000703c00000| Untracked 
|  33|0x0000000703d00000, 0x0000000703e00000, 0x0000000703e00000|100%| O|  |TAMS 0x0000000703e00000, 0x0000000703d00000| Untracked 
|  34|0x0000000703e00000, 0x0000000703f00000, 0x0000000703f00000|100%| O|  |TAMS 0x0000000703f00000, 0x0000000703e00000| Untracked 
|  35|0x0000000703f00000, 0x0000000704000000, 0x0000000704000000|100%| O|  |TAMS 0x0000000704000000, 0x0000000703f00000| Untracked 
|  36|0x0000000704000000, 0x0000000704100000, 0x0000000704100000|100%| O|  |TAMS 0x0000000704100000, 0x0000000704000000| Untracked 
|  37|0x0000000704100000, 0x0000000704200000, 0x0000000704200000|100%| O|  |TAMS 0x0000000704200000, 0x0000000704100000| Untracked 
|  38|0x0000000704200000, 0x0000000704300000, 0x0000000704300000|100%| O|  |TAMS 0x0000000704300000, 0x0000000704200000| Untracked 
|  39|0x0000000704300000, 0x0000000704400000, 0x0000000704400000|100%| O|  |TAMS 0x0000000704400000, 0x0000000704300000| Untracked 
|  40|0x0000000704400000, 0x0000000704500000, 0x0000000704500000|100%| O|  |TAMS 0x0000000704500000, 0x0000000704400000| Untracked 
|  41|0x0000000704500000, 0x0000000704600000, 0x0000000704600000|100%| O|  |TAMS 0x0000000704600000, 0x0000000704500000| Untracked 
|  42|0x0000000704600000, 0x0000000704700000, 0x0000000704700000|100%| O|  |TAMS 0x0000000704700000, 0x0000000704600000| Untracked 
|  43|0x0000000704700000, 0x0000000704800000, 0x0000000704800000|100%| O|  |TAMS 0x0000000704800000, 0x0000000704700000| Untracked 
|  44|0x0000000704800000, 0x0000000704900000, 0x0000000704900000|100%| O|  |TAMS 0x0000000704900000, 0x0000000704800000| Untracked 
|  45|0x0000000704900000, 0x0000000704a00000, 0x0000000704a00000|100%| O|  |TAMS 0x0000000704a00000, 0x0000000704900000| Untracked 
|  46|0x0000000704a00000, 0x0000000704b00000, 0x0000000704b00000|100%| O|  |TAMS 0x0000000704b00000, 0x0000000704a00000| Untracked 
|  47|0x0000000704b00000, 0x0000000704c00000, 0x0000000704c00000|100%| O|  |TAMS 0x0000000704c00000, 0x0000000704b00000| Untracked 
|  48|0x0000000704c00000, 0x0000000704d00000, 0x0000000704d00000|100%| O|  |TAMS 0x0000000704d00000, 0x0000000704c00000| Untracked 
|  49|0x0000000704d00000, 0x0000000704e00000, 0x0000000704e00000|100%| O|  |TAMS 0x0000000704e00000, 0x0000000704d00000| Untracked 
|  50|0x0000000704e00000, 0x0000000704f00000, 0x0000000704f00000|100%| O|  |TAMS 0x0000000704f00000, 0x0000000704e00000| Untracked 
|  51|0x0000000704f00000, 0x0000000705000000, 0x0000000705000000|100%| O|  |TAMS 0x0000000705000000, 0x0000000704f00000| Untracked 
|  52|0x0000000705000000, 0x0000000705100000, 0x0000000705100000|100%| O|  |TAMS 0x0000000705100000, 0x0000000705000000| Untracked 
|  53|0x0000000705100000, 0x0000000705200000, 0x0000000705200000|100%| O|  |TAMS 0x0000000705200000, 0x0000000705100000| Untracked 
|  54|0x0000000705200000, 0x0000000705300000, 0x0000000705300000|100%| O|  |TAMS 0x0000000705300000, 0x0000000705200000| Untracked 
|  55|0x0000000705300000, 0x0000000705400000, 0x0000000705400000|100%| O|  |TAMS 0x0000000705400000, 0x0000000705300000| Untracked 
|  56|0x0000000705400000, 0x0000000705500000, 0x0000000705500000|100%| O|  |TAMS 0x0000000705500000, 0x0000000705400000| Untracked 
|  57|0x0000000705500000, 0x0000000705600000, 0x0000000705600000|100%| O|  |TAMS 0x0000000705600000, 0x0000000705500000| Untracked 
|  58|0x0000000705600000, 0x0000000705700000, 0x0000000705700000|100%| O|  |TAMS 0x0000000705700000, 0x0000000705600000| Untracked 
|  59|0x0000000705700000, 0x0000000705800000, 0x0000000705800000|100%| O|  |TAMS 0x0000000705800000, 0x0000000705700000| Untracked 
|  60|0x0000000705800000, 0x0000000705900000, 0x0000000705900000|100%| O|  |TAMS 0x0000000705900000, 0x0000000705800000| Untracked 
|  61|0x0000000705900000, 0x0000000705a00000, 0x0000000705a00000|100%| O|  |TAMS 0x0000000705a00000, 0x0000000705900000| Untracked 
|  62|0x0000000705a00000, 0x0000000705b00000, 0x0000000705b00000|100%| O|  |TAMS 0x0000000705b00000, 0x0000000705a00000| Untracked 
|  63|0x0000000705b00000, 0x0000000705c00000, 0x0000000705c00000|100%| O|  |TAMS 0x0000000705c00000, 0x0000000705b00000| Untracked 
|  64|0x0000000705c00000, 0x0000000705d00000, 0x0000000705d00000|100%| O|  |TAMS 0x0000000705d00000, 0x0000000705c00000| Untracked 
|  65|0x0000000705d00000, 0x0000000705e00000, 0x0000000705e00000|100%| O|  |TAMS 0x0000000705e00000, 0x0000000705d00000| Untracked 
|  66|0x0000000705e00000, 0x0000000705f00000, 0x0000000705f00000|100%| O|  |TAMS 0x0000000705f00000, 0x0000000705e00000| Untracked 
|  67|0x0000000705f00000, 0x0000000706000000, 0x0000000706000000|100%| O|  |TAMS 0x0000000706000000, 0x0000000705f00000| Untracked 
|  68|0x0000000706000000, 0x0000000706100000, 0x0000000706100000|100%| O|  |TAMS 0x0000000706100000, 0x0000000706000000| Untracked 
|  69|0x0000000706100000, 0x0000000706200000, 0x0000000706200000|100%| O|  |TAMS 0x0000000706200000, 0x0000000706100000| Untracked 
|  70|0x0000000706200000, 0x0000000706300000, 0x0000000706300000|100%| O|  |TAMS 0x0000000706300000, 0x0000000706200000| Untracked 
|  71|0x0000000706300000, 0x0000000706400000, 0x0000000706400000|100%| O|  |TAMS 0x0000000706400000, 0x0000000706300000| Untracked 
|  72|0x0000000706400000, 0x0000000706500000, 0x0000000706500000|100%| O|  |TAMS 0x0000000706500000, 0x0000000706400000| Untracked 
|  73|0x0000000706500000, 0x0000000706600000, 0x0000000706600000|100%| O|  |TAMS 0x0000000706600000, 0x0000000706500000| Untracked 
|  74|0x0000000706600000, 0x0000000706700000, 0x0000000706700000|100%| O|  |TAMS 0x0000000706700000, 0x0000000706600000| Untracked 
|  75|0x0000000706700000, 0x0000000706800000, 0x0000000706800000|100%| O|  |TAMS 0x0000000706800000, 0x0000000706700000| Untracked 
|  76|0x0000000706800000, 0x0000000706900000, 0x0000000706900000|100%| O|  |TAMS 0x0000000706900000, 0x0000000706800000| Untracked 
|  77|0x0000000706900000, 0x0000000706a00000, 0x0000000706a00000|100%| O|  |TAMS 0x0000000706a00000, 0x0000000706900000| Untracked 
|  78|0x0000000706a00000, 0x0000000706b00000, 0x0000000706b00000|100%| O|  |TAMS 0x0000000706b00000, 0x0000000706a00000| Untracked 
|  79|0x0000000706b00000, 0x0000000706c00000, 0x0000000706c00000|100%| O|  |TAMS 0x0000000706c00000, 0x0000000706b00000| Untracked 
|  80|0x0000000706c00000, 0x0000000706d00000, 0x0000000706d00000|100%| O|  |TAMS 0x0000000706d00000, 0x0000000706c00000| Untracked 
|  81|0x0000000706d00000, 0x0000000706e00000, 0x0000000706e00000|100%| O|  |TAMS 0x0000000706e00000, 0x0000000706d00000| Untracked 
|  82|0x0000000706e00000, 0x0000000706f00000, 0x0000000706f00000|100%| O|  |TAMS 0x0000000706f00000, 0x0000000706e00000| Untracked 
|  83|0x0000000706f00000, 0x0000000707000000, 0x0000000707000000|100%| O|  |TAMS 0x0000000706f00000, 0x0000000706f00000| Untracked 
|  84|0x0000000707000000, 0x0000000707100000, 0x0000000707100000|100%| O|  |TAMS 0x0000000707000000, 0x0000000707000000| Untracked 
|  85|0x0000000707100000, 0x0000000707200000, 0x0000000707200000|100%| O|  |TAMS 0x0000000707100000, 0x0000000707100000| Untracked 
|  86|0x0000000707200000, 0x0000000707300000, 0x0000000707300000|100%| O|  |TAMS 0x0000000707200000, 0x0000000707200000| Untracked 
|  87|0x0000000707300000, 0x0000000707400000, 0x0000000707400000|100%| O|  |TAMS 0x0000000707300000, 0x0000000707300000| Untracked 
|  88|0x0000000707400000, 0x0000000707480000, 0x0000000707500000| 50%| O|  |TAMS 0x0000000707400000, 0x0000000707400000| Untracked 
|  89|0x0000000707500000, 0x0000000707500000, 0x0000000707600000|  0%| F|  |TAMS 0x0000000707500000, 0x0000000707500000| Untracked 
|  90|0x0000000707600000, 0x0000000707600000, 0x0000000707700000|  0%| F|  |TAMS 0x0000000707600000, 0x0000000707600000| Untracked 
|  91|0x0000000707700000, 0x0000000707700000, 0x0000000707800000|  0%| F|  |TAMS 0x0000000707700000, 0x0000000707700000| Untracked 
|  92|0x0000000707800000, 0x0000000707800000, 0x0000000707900000|  0%| F|  |TAMS 0x0000000707800000, 0x0000000707800000| Untracked 
|  93|0x0000000707900000, 0x0000000707900000, 0x0000000707a00000|  0%| F|  |TAMS 0x0000000707900000, 0x0000000707900000| Untracked 
|  94|0x0000000707a00000, 0x0000000707a00000, 0x0000000707b00000|  0%| F|  |TAMS 0x0000000707a00000, 0x0000000707a00000| Untracked 
|  95|0x0000000707b00000, 0x0000000707b00000, 0x0000000707c00000|  0%| F|  |TAMS 0x0000000707b00000, 0x0000000707b00000| Untracked 
|  96|0x0000000707c00000, 0x0000000707c00000, 0x0000000707d00000|  0%| F|  |TAMS 0x0000000707c00000, 0x0000000707c00000| Untracked 
|  97|0x0000000707d00000, 0x0000000707d00000, 0x0000000707e00000|  0%| F|  |TAMS 0x0000000707d00000, 0x0000000707d00000| Untracked 
|  98|0x0000000707e00000, 0x0000000707e00000, 0x0000000707f00000|  0%| F|  |TAMS 0x0000000707e00000, 0x0000000707e00000| Untracked 
|  99|0x0000000707f00000, 0x0000000707f00000, 0x0000000708000000|  0%| F|  |TAMS 0x0000000707f00000, 0x0000000707f00000| Untracked 
| 100|0x0000000708000000, 0x0000000708000000, 0x0000000708100000|  0%| F|  |TAMS 0x0000000708000000, 0x0000000708000000| Untracked 
| 101|0x0000000708100000, 0x0000000708100000, 0x0000000708200000|  0%| F|  |TAMS 0x0000000708100000, 0x0000000708100000| Untracked 
| 102|0x0000000708200000, 0x0000000708200000, 0x0000000708300000|  0%| F|  |TAMS 0x0000000708200000, 0x0000000708200000| Untracked 
| 103|0x0000000708300000, 0x0000000708400000, 0x0000000708400000|100%| O|  |TAMS 0x0000000708400000, 0x0000000708300000| Untracked 
| 104|0x0000000708400000, 0x0000000708500000, 0x0000000708500000|100%| O|  |TAMS 0x0000000708500000, 0x0000000708400000| Untracked 
| 105|0x0000000708500000, 0x0000000708600000, 0x0000000708600000|100%| O|  |TAMS 0x0000000708600000, 0x0000000708500000| Untracked 
| 106|0x0000000708600000, 0x0000000708700000, 0x0000000708700000|100%| O|  |TAMS 0x0000000708700000, 0x0000000708600000| Untracked 
| 107|0x0000000708700000, 0x0000000708800000, 0x0000000708800000|100%| O|  |TAMS 0x0000000708800000, 0x0000000708700000| Untracked 
| 108|0x0000000708800000, 0x0000000708900000, 0x0000000708900000|100%| O|  |TAMS 0x0000000708900000, 0x0000000708800000| Untracked 
| 109|0x0000000708900000, 0x0000000708a00000, 0x0000000708a00000|100%| O|  |TAMS 0x0000000708a00000, 0x0000000708900000| Untracked 
| 110|0x0000000708a00000, 0x0000000708b00000, 0x0000000708b00000|100%| O|  |TAMS 0x0000000708b00000, 0x0000000708a00000| Untracked 
| 111|0x0000000708b00000, 0x0000000708c00000, 0x0000000708c00000|100%| O|  |TAMS 0x0000000708c00000, 0x0000000708b00000| Untracked 
| 112|0x0000000708c00000, 0x0000000708d00000, 0x0000000708d00000|100%| O|  |TAMS 0x0000000708d00000, 0x0000000708c00000| Untracked 
| 113|0x0000000708d00000, 0x0000000708e00000, 0x0000000708e00000|100%| O|  |TAMS 0x0000000708e00000, 0x0000000708d00000| Untracked 
| 114|0x0000000708e00000, 0x0000000708f00000, 0x0000000708f00000|100%| O|  |TAMS 0x0000000708f00000, 0x0000000708e00000| Untracked 
| 115|0x0000000708f00000, 0x0000000709000000, 0x0000000709000000|100%| O|  |TAMS 0x0000000709000000, 0x0000000708f00000| Untracked 
| 116|0x0000000709000000, 0x0000000709100000, 0x0000000709100000|100%| O|  |TAMS 0x0000000709100000, 0x0000000709000000| Untracked 
| 117|0x0000000709100000, 0x0000000709200000, 0x0000000709200000|100%| O|  |TAMS 0x0000000709200000, 0x0000000709100000| Untracked 
| 118|0x0000000709200000, 0x0000000709300000, 0x0000000709300000|100%| O|  |TAMS 0x0000000709300000, 0x0000000709200000| Untracked 
| 119|0x0000000709300000, 0x0000000709400000, 0x0000000709400000|100%| O|  |TAMS 0x0000000709400000, 0x0000000709300000| Untracked 
| 120|0x0000000709400000, 0x0000000709500000, 0x0000000709500000|100%| O|  |TAMS 0x0000000709500000, 0x0000000709400000| Untracked 
| 121|0x0000000709500000, 0x0000000709600000, 0x0000000709600000|100%| O|  |TAMS 0x0000000709600000, 0x0000000709500000| Untracked 
| 122|0x0000000709600000, 0x0000000709700000, 0x0000000709700000|100%| O|  |TAMS 0x0000000709700000, 0x0000000709600000| Untracked 
| 123|0x0000000709700000, 0x0000000709800000, 0x0000000709800000|100%| O|  |TAMS 0x0000000709800000, 0x0000000709700000| Untracked 
| 124|0x0000000709800000, 0x0000000709900000, 0x0000000709900000|100%| O|  |TAMS 0x0000000709900000, 0x0000000709800000| Untracked 
| 125|0x0000000709900000, 0x0000000709a00000, 0x0000000709a00000|100%| O|  |TAMS 0x0000000709a00000, 0x0000000709900000| Untracked 
| 126|0x0000000709a00000, 0x0000000709b00000, 0x0000000709b00000|100%| O|  |TAMS 0x0000000709b00000, 0x0000000709a00000| Untracked 
| 127|0x0000000709b00000, 0x0000000709c00000, 0x0000000709c00000|100%| O|  |TAMS 0x0000000709c00000, 0x0000000709b00000| Untracked 
| 128|0x0000000709c00000, 0x0000000709d00000, 0x0000000709d00000|100%| O|  |TAMS 0x0000000709d00000, 0x0000000709c00000| Untracked 
| 129|0x0000000709d00000, 0x0000000709e00000, 0x0000000709e00000|100%| O|  |TAMS 0x0000000709e00000, 0x0000000709d00000| Untracked 
| 130|0x0000000709e00000, 0x0000000709f00000, 0x0000000709f00000|100%| O|  |TAMS 0x0000000709e86a00, 0x0000000709e00000| Untracked 
| 131|0x0000000709f00000, 0x0000000709f00000, 0x000000070a000000|  0%| F|  |TAMS 0x0000000709f00000, 0x0000000709f00000| Untracked 
| 132|0x000000070a000000, 0x000000070a000000, 0x000000070a100000|  0%| F|  |TAMS 0x000000070a000000, 0x000000070a000000| Untracked 
| 133|0x000000070a100000, 0x000000070a100000, 0x000000070a200000|  0%| F|  |TAMS 0x000000070a100000, 0x000000070a100000| Untracked 
| 134|0x000000070a200000, 0x000000070a200000, 0x000000070a300000|  0%| F|  |TAMS 0x000000070a200000, 0x000000070a200000| Untracked 
| 135|0x000000070a300000, 0x000000070a300000, 0x000000070a400000|  0%| F|  |TAMS 0x000000070a300000, 0x000000070a300000| Untracked 
| 136|0x000000070a400000, 0x000000070a400000, 0x000000070a500000|  0%| F|  |TAMS 0x000000070a400000, 0x000000070a400000| Untracked 
| 137|0x000000070a500000, 0x000000070a500000, 0x000000070a600000|  0%| F|  |TAMS 0x000000070a500000, 0x000000070a500000| Untracked 
| 138|0x000000070a600000, 0x000000070a600000, 0x000000070a700000|  0%| F|  |TAMS 0x000000070a600000, 0x000000070a600000| Untracked 
| 139|0x000000070a700000, 0x000000070a700000, 0x000000070a800000|  0%| F|  |TAMS 0x000000070a700000, 0x000000070a700000| Untracked 
| 140|0x000000070a800000, 0x000000070a800000, 0x000000070a900000|  0%| F|  |TAMS 0x000000070a800000, 0x000000070a800000| Untracked 
| 141|0x000000070a900000, 0x000000070a900000, 0x000000070aa00000|  0%| F|  |TAMS 0x000000070a900000, 0x000000070a900000| Untracked 
| 142|0x000000070aa00000, 0x000000070aa00000, 0x000000070ab00000|  0%| F|  |TAMS 0x000000070aa00000, 0x000000070aa00000| Untracked 
| 143|0x000000070ab00000, 0x000000070ab00000, 0x000000070ac00000|  0%| F|  |TAMS 0x000000070ab00000, 0x000000070ab00000| Untracked 
| 144|0x000000070ac00000, 0x000000070ac00000, 0x000000070ad00000|  0%| F|  |TAMS 0x000000070ac00000, 0x000000070ac00000| Untracked 
| 145|0x000000070ad00000, 0x000000070ad00000, 0x000000070ae00000|  0%| F|  |TAMS 0x000000070ad00000, 0x000000070ad00000| Untracked 
| 146|0x000000070ae00000, 0x000000070ae00000, 0x000000070af00000|  0%| F|  |TAMS 0x000000070ae00000, 0x000000070ae00000| Untracked 
| 147|0x000000070af00000, 0x000000070af00000, 0x000000070b000000|  0%| F|  |TAMS 0x000000070af00000, 0x000000070af00000| Untracked 
| 148|0x000000070b000000, 0x000000070b000000, 0x000000070b100000|  0%| F|  |TAMS 0x000000070b000000, 0x000000070b000000| Untracked 
| 149|0x000000070b100000, 0x000000070b100000, 0x000000070b200000|  0%| F|  |TAMS 0x000000070b100000, 0x000000070b100000| Untracked 
| 150|0x000000070b200000, 0x000000070b200000, 0x000000070b300000|  0%| F|  |TAMS 0x000000070b200000, 0x000000070b200000| Untracked 
| 151|0x000000070b300000, 0x000000070b300000, 0x000000070b400000|  0%| F|  |TAMS 0x000000070b300000, 0x000000070b300000| Untracked 
| 152|0x000000070b400000, 0x000000070b400000, 0x000000070b500000|  0%| F|  |TAMS 0x000000070b400000, 0x000000070b400000| Untracked 
| 153|0x000000070b500000, 0x000000070b500000, 0x000000070b600000|  0%| F|  |TAMS 0x000000070b500000, 0x000000070b500000| Untracked 
| 154|0x000000070b600000, 0x000000070b600000, 0x000000070b700000|  0%| F|  |TAMS 0x000000070b600000, 0x000000070b600000| Untracked 
| 155|0x000000070b700000, 0x000000070b700000, 0x000000070b800000|  0%| F|  |TAMS 0x000000070b700000, 0x000000070b700000| Untracked 
| 156|0x000000070b800000, 0x000000070b800000, 0x000000070b900000|  0%| F|  |TAMS 0x000000070b800000, 0x000000070b800000| Untracked 
| 157|0x000000070b900000, 0x000000070b900000, 0x000000070ba00000|  0%| F|  |TAMS 0x000000070b900000, 0x000000070b900000| Untracked 
| 158|0x000000070ba00000, 0x000000070ba00000, 0x000000070bb00000|  0%| F|  |TAMS 0x000000070ba00000, 0x000000070ba00000| Untracked 
| 159|0x000000070bb00000, 0x000000070bb00000, 0x000000070bc00000|  0%| F|  |TAMS 0x000000070bb00000, 0x000000070bb00000| Untracked 
| 160|0x000000070bc00000, 0x000000070bc00000, 0x000000070bd00000|  0%| F|  |TAMS 0x000000070bc00000, 0x000000070bc00000| Untracked 
| 161|0x000000070bd00000, 0x000000070bd00000, 0x000000070be00000|  0%| F|  |TAMS 0x000000070bd00000, 0x000000070bd00000| Untracked 
| 162|0x000000070be00000, 0x000000070be00000, 0x000000070bf00000|  0%| F|  |TAMS 0x000000070be00000, 0x000000070be00000| Untracked 
| 163|0x000000070bf00000, 0x000000070bf00000, 0x000000070c000000|  0%| F|  |TAMS 0x000000070bf00000, 0x000000070bf00000| Untracked 
| 164|0x000000070c000000, 0x000000070c000000, 0x000000070c100000|  0%| F|  |TAMS 0x000000070c000000, 0x000000070c000000| Untracked 
| 165|0x000000070c100000, 0x000000070c100000, 0x000000070c200000|  0%| F|  |TAMS 0x000000070c100000, 0x000000070c100000| Untracked 
| 166|0x000000070c200000, 0x000000070c200000, 0x000000070c300000|  0%| F|  |TAMS 0x000000070c200000, 0x000000070c200000| Untracked 
| 167|0x000000070c300000, 0x000000070c300000, 0x000000070c400000|  0%| F|  |TAMS 0x000000070c300000, 0x000000070c300000| Untracked 
| 168|0x000000070c400000, 0x000000070c400000, 0x000000070c500000|  0%| F|  |TAMS 0x000000070c400000, 0x000000070c400000| Untracked 
| 169|0x000000070c500000, 0x000000070c500000, 0x000000070c600000|  0%| F|  |TAMS 0x000000070c500000, 0x000000070c500000| Untracked 
| 170|0x000000070c600000, 0x000000070c600000, 0x000000070c700000|  0%| F|  |TAMS 0x000000070c600000, 0x000000070c600000| Untracked 
| 171|0x000000070c700000, 0x000000070c700000, 0x000000070c800000|  0%| F|  |TAMS 0x000000070c700000, 0x000000070c700000| Untracked 
| 172|0x000000070c800000, 0x000000070c800000, 0x000000070c900000|  0%| F|  |TAMS 0x000000070c800000, 0x000000070c800000| Untracked 
| 173|0x000000070c900000, 0x000000070c900000, 0x000000070ca00000|  0%| F|  |TAMS 0x000000070c900000, 0x000000070c900000| Untracked 
| 174|0x000000070ca00000, 0x000000070ca00000, 0x000000070cb00000|  0%| F|  |TAMS 0x000000070ca00000, 0x000000070ca00000| Untracked 
| 175|0x000000070cb00000, 0x000000070cb00000, 0x000000070cc00000|  0%| F|  |TAMS 0x000000070cb00000, 0x000000070cb00000| Untracked 
| 176|0x000000070cc00000, 0x000000070cc00000, 0x000000070cd00000|  0%| F|  |TAMS 0x000000070cc00000, 0x000000070cc00000| Untracked 
| 177|0x000000070cd00000, 0x000000070cd00000, 0x000000070ce00000|  0%| F|  |TAMS 0x000000070cd00000, 0x000000070cd00000| Untracked 
| 178|0x000000070ce00000, 0x000000070ce00000, 0x000000070cf00000|  0%| F|  |TAMS 0x000000070ce00000, 0x000000070ce00000| Untracked 
| 179|0x000000070cf00000, 0x000000070cf00000, 0x000000070d000000|  0%| F|  |TAMS 0x000000070cf00000, 0x000000070cf00000| Untracked 
| 180|0x000000070d000000, 0x000000070d000000, 0x000000070d100000|  0%| F|  |TAMS 0x000000070d000000, 0x000000070d000000| Untracked 
| 181|0x000000070d100000, 0x000000070d100000, 0x000000070d200000|  0%| F|  |TAMS 0x000000070d100000, 0x000000070d100000| Untracked 
| 182|0x000000070d200000, 0x000000070d200000, 0x000000070d300000|  0%| F|  |TAMS 0x000000070d200000, 0x000000070d200000| Untracked 
| 183|0x000000070d300000, 0x000000070d300000, 0x000000070d400000|  0%| F|  |TAMS 0x000000070d300000, 0x000000070d300000| Untracked 
| 184|0x000000070d400000, 0x000000070d400000, 0x000000070d500000|  0%| F|  |TAMS 0x000000070d400000, 0x000000070d400000| Untracked 
| 185|0x000000070d500000, 0x000000070d500000, 0x000000070d600000|  0%| F|  |TAMS 0x000000070d500000, 0x000000070d500000| Untracked 
| 186|0x000000070d600000, 0x000000070d600000, 0x000000070d700000|  0%| F|  |TAMS 0x000000070d600000, 0x000000070d600000| Untracked 
| 187|0x000000070d700000, 0x000000070d700000, 0x000000070d800000|  0%| F|  |TAMS 0x000000070d700000, 0x000000070d700000| Untracked 
| 188|0x000000070d800000, 0x000000070d800000, 0x000000070d900000|  0%| F|  |TAMS 0x000000070d800000, 0x000000070d800000| Untracked 
| 189|0x000000070d900000, 0x000000070d900000, 0x000000070da00000|  0%| F|  |TAMS 0x000000070d900000, 0x000000070d900000| Untracked 
| 190|0x000000070da00000, 0x000000070da00000, 0x000000070db00000|  0%| F|  |TAMS 0x000000070da00000, 0x000000070da00000| Untracked 
| 191|0x000000070db00000, 0x000000070db00000, 0x000000070dc00000|  0%| F|  |TAMS 0x000000070db00000, 0x000000070db00000| Untracked 
| 192|0x000000070dc00000, 0x000000070dc00000, 0x000000070dd00000|  0%| F|  |TAMS 0x000000070dc00000, 0x000000070dc00000| Untracked 
| 193|0x000000070dd00000, 0x000000070dd00000, 0x000000070de00000|  0%| F|  |TAMS 0x000000070dd00000, 0x000000070dd00000| Untracked 
| 194|0x000000070de00000, 0x000000070de00000, 0x000000070df00000|  0%| F|  |TAMS 0x000000070de00000, 0x000000070de00000| Untracked 
| 195|0x000000070df00000, 0x000000070df00000, 0x000000070e000000|  0%| F|  |TAMS 0x000000070df00000, 0x000000070df00000| Untracked 
| 196|0x000000070e000000, 0x000000070e000000, 0x000000070e100000|  0%| F|  |TAMS 0x000000070e000000, 0x000000070e000000| Untracked 
| 197|0x000000070e100000, 0x000000070e100000, 0x000000070e200000|  0%| F|  |TAMS 0x000000070e100000, 0x000000070e100000| Untracked 
| 198|0x000000070e200000, 0x000000070e200000, 0x000000070e300000|  0%| F|  |TAMS 0x000000070e200000, 0x000000070e200000| Untracked 
| 199|0x000000070e300000, 0x000000070e300000, 0x000000070e400000|  0%| F|  |TAMS 0x000000070e300000, 0x000000070e300000| Untracked 
| 200|0x000000070e400000, 0x000000070e400000, 0x000000070e500000|  0%| F|  |TAMS 0x000000070e400000, 0x000000070e400000| Untracked 
| 201|0x000000070e500000, 0x000000070e500000, 0x000000070e600000|  0%| F|  |TAMS 0x000000070e500000, 0x000000070e500000| Untracked 
| 202|0x000000070e600000, 0x000000070e600000, 0x000000070e700000|  0%| F|  |TAMS 0x000000070e600000, 0x000000070e600000| Untracked 
| 203|0x000000070e700000, 0x000000070e700000, 0x000000070e800000|  0%| F|  |TAMS 0x000000070e700000, 0x000000070e700000| Untracked 
| 204|0x000000070e800000, 0x000000070e800000, 0x000000070e900000|  0%| F|  |TAMS 0x000000070e800000, 0x000000070e800000| Untracked 
| 205|0x000000070e900000, 0x000000070e900000, 0x000000070ea00000|  0%| F|  |TAMS 0x000000070e900000, 0x000000070e900000| Untracked 
| 206|0x000000070ea00000, 0x000000070ea00000, 0x000000070eb00000|  0%| F|  |TAMS 0x000000070ea00000, 0x000000070ea00000| Untracked 
| 207|0x000000070eb00000, 0x000000070eb00000, 0x000000070ec00000|  0%| F|  |TAMS 0x000000070eb00000, 0x000000070eb00000| Untracked 
| 208|0x000000070ec00000, 0x000000070ec00000, 0x000000070ed00000|  0%| F|  |TAMS 0x000000070ec00000, 0x000000070ec00000| Untracked 
| 209|0x000000070ed00000, 0x000000070ed00000, 0x000000070ee00000|  0%| F|  |TAMS 0x000000070ed00000, 0x000000070ed00000| Untracked 
| 210|0x000000070ee00000, 0x000000070ee00000, 0x000000070ef00000|  0%| F|  |TAMS 0x000000070ee00000, 0x000000070ee00000| Untracked 
| 211|0x000000070ef00000, 0x000000070ef00000, 0x000000070f000000|  0%| F|  |TAMS 0x000000070ef00000, 0x000000070ef00000| Untracked 
| 212|0x000000070f000000, 0x000000070f000000, 0x000000070f100000|  0%| F|  |TAMS 0x000000070f000000, 0x000000070f000000| Untracked 
| 213|0x000000070f100000, 0x000000070f100000, 0x000000070f200000|  0%| F|  |TAMS 0x000000070f100000, 0x000000070f100000| Untracked 
| 214|0x000000070f200000, 0x000000070f200000, 0x000000070f300000|  0%| F|  |TAMS 0x000000070f200000, 0x000000070f200000| Untracked 
| 215|0x000000070f300000, 0x000000070f300000, 0x000000070f400000|  0%| F|  |TAMS 0x000000070f300000, 0x000000070f300000| Untracked 
| 216|0x000000070f400000, 0x000000070f400000, 0x000000070f500000|  0%| F|  |TAMS 0x000000070f400000, 0x000000070f400000| Untracked 
| 217|0x000000070f500000, 0x000000070f500000, 0x000000070f600000|  0%| F|  |TAMS 0x000000070f500000, 0x000000070f500000| Untracked 
| 218|0x000000070f600000, 0x000000070f600000, 0x000000070f700000|  0%| F|  |TAMS 0x000000070f600000, 0x000000070f600000| Untracked 
| 219|0x000000070f700000, 0x000000070f700000, 0x000000070f800000|  0%| F|  |TAMS 0x000000070f700000, 0x000000070f700000| Untracked 
| 220|0x000000070f800000, 0x000000070f800000, 0x000000070f900000|  0%| F|  |TAMS 0x000000070f800000, 0x000000070f800000| Untracked 
| 221|0x000000070f900000, 0x000000070f900000, 0x000000070fa00000|  0%| F|  |TAMS 0x000000070f900000, 0x000000070f900000| Untracked 
| 222|0x000000070fa00000, 0x000000070fa00000, 0x000000070fb00000|  0%| F|  |TAMS 0x000000070fa00000, 0x000000070fa00000| Untracked 
| 223|0x000000070fb00000, 0x000000070fb00000, 0x000000070fc00000|  0%| F|  |TAMS 0x000000070fb00000, 0x000000070fb00000| Untracked 
| 224|0x000000070fc00000, 0x000000070fc00000, 0x000000070fd00000|  0%| F|  |TAMS 0x000000070fc00000, 0x000000070fc00000| Untracked 
| 225|0x000000070fd00000, 0x000000070fd00000, 0x000000070fe00000|  0%| F|  |TAMS 0x000000070fd00000, 0x000000070fd00000| Untracked 
| 226|0x000000070fe00000, 0x000000070fe00000, 0x000000070ff00000|  0%| F|  |TAMS 0x000000070fe00000, 0x000000070fe00000| Untracked 
| 227|0x000000070ff00000, 0x000000070ff00000, 0x0000000710000000|  0%| F|  |TAMS 0x000000070ff00000, 0x000000070ff00000| Untracked 
| 228|0x0000000710000000, 0x0000000710000000, 0x0000000710100000|  0%| F|  |TAMS 0x0000000710000000, 0x0000000710000000| Untracked 
| 229|0x0000000710100000, 0x0000000710100000, 0x0000000710200000|  0%| F|  |TAMS 0x0000000710100000, 0x0000000710100000| Untracked 
| 230|0x0000000710200000, 0x0000000710200000, 0x0000000710300000|  0%| F|  |TAMS 0x0000000710200000, 0x0000000710200000| Untracked 
| 231|0x0000000710300000, 0x0000000710300000, 0x0000000710400000|  0%| F|  |TAMS 0x0000000710300000, 0x0000000710300000| Untracked 
| 232|0x0000000710400000, 0x0000000710400000, 0x0000000710500000|  0%| F|  |TAMS 0x0000000710400000, 0x0000000710400000| Untracked 
| 233|0x0000000710500000, 0x0000000710500000, 0x0000000710600000|  0%| F|  |TAMS 0x0000000710500000, 0x0000000710500000| Untracked 
| 234|0x0000000710600000, 0x0000000710600000, 0x0000000710700000|  0%| F|  |TAMS 0x0000000710600000, 0x0000000710600000| Untracked 
| 235|0x0000000710700000, 0x00000007107aa1c0, 0x0000000710800000| 66%| E|  |TAMS 0x0000000710700000, 0x0000000710700000| Complete 
| 236|0x0000000710800000, 0x0000000710900000, 0x0000000710900000|100%| E|CS|TAMS 0x0000000710800000, 0x0000000710800000| Complete 
| 237|0x0000000710900000, 0x0000000710a00000, 0x0000000710a00000|100%| E|CS|TAMS 0x0000000710900000, 0x0000000710900000| Complete 
| 238|0x0000000710a00000, 0x0000000710b00000, 0x0000000710b00000|100%| E|CS|TAMS 0x0000000710a00000, 0x0000000710a00000| Complete 
| 239|0x0000000710b00000, 0x0000000710c00000, 0x0000000710c00000|100%| E|CS|TAMS 0x0000000710b00000, 0x0000000710b00000| Complete 
| 240|0x0000000710c00000, 0x0000000710d00000, 0x0000000710d00000|100%| E|CS|TAMS 0x0000000710c00000, 0x0000000710c00000| Complete 
| 241|0x0000000710d00000, 0x0000000710e00000, 0x0000000710e00000|100%| E|CS|TAMS 0x0000000710d00000, 0x0000000710d00000| Complete 
| 242|0x0000000710e00000, 0x0000000710f00000, 0x0000000710f00000|100%| E|CS|TAMS 0x0000000710e00000, 0x0000000710e00000| Complete 
| 243|0x0000000710f00000, 0x0000000711000000, 0x0000000711000000|100%| E|CS|TAMS 0x0000000710f00000, 0x0000000710f00000| Complete 
| 244|0x0000000711000000, 0x00000007110e6f60, 0x0000000711100000| 90%| S|CS|TAMS 0x0000000711000000, 0x0000000711000000| Complete 
| 245|0x0000000711100000, 0x0000000711200000, 0x0000000711200000|100%| E|CS|TAMS 0x0000000711100000, 0x0000000711100000| Complete 
| 246|0x0000000711200000, 0x0000000711300000, 0x0000000711300000|100%| E|CS|TAMS 0x0000000711200000, 0x0000000711200000| Complete 
| 247|0x0000000711300000, 0x0000000711400000, 0x0000000711400000|100%| E|CS|TAMS 0x0000000711300000, 0x0000000711300000| Complete 
| 248|0x0000000711400000, 0x0000000711500000, 0x0000000711500000|100%| E|CS|TAMS 0x0000000711400000, 0x0000000711400000| Complete 
| 249|0x0000000711500000, 0x0000000711600000, 0x0000000711600000|100%| E|CS|TAMS 0x0000000711500000, 0x0000000711500000| Complete 
| 250|0x0000000711600000, 0x0000000711700000, 0x0000000711700000|100%| E|CS|TAMS 0x0000000711600000, 0x0000000711600000| Complete 
| 251|0x0000000711700000, 0x0000000711800000, 0x0000000711800000|100%| E|CS|TAMS 0x0000000711700000, 0x0000000711700000| Complete 
| 252|0x0000000711800000, 0x0000000711900000, 0x0000000711900000|100%| E|CS|TAMS 0x0000000711800000, 0x0000000711800000| Complete 
| 253|0x0000000711900000, 0x0000000711a00000, 0x0000000711a00000|100%| E|CS|TAMS 0x0000000711900000, 0x0000000711900000| Complete 
| 254|0x0000000711a00000, 0x0000000711b00000, 0x0000000711b00000|100%| E|CS|TAMS 0x0000000711a00000, 0x0000000711a00000| Complete 
| 255|0x0000000711b00000, 0x0000000711c00000, 0x0000000711c00000|100%| E|CS|TAMS 0x0000000711b00000, 0x0000000711b00000| Complete 
| 256|0x0000000711c00000, 0x0000000711d00000, 0x0000000711d00000|100%| O|  |TAMS 0x0000000711d00000, 0x0000000711c00000| Untracked 
| 257|0x0000000711d00000, 0x0000000711e00000, 0x0000000711e00000|100%| O|  |TAMS 0x0000000711e00000, 0x0000000711d00000| Untracked 
| 258|0x0000000711e00000, 0x0000000711f00000, 0x0000000711f00000|100%| O|  |TAMS 0x0000000711f00000, 0x0000000711e00000| Untracked 
| 259|0x0000000711f00000, 0x0000000712000000, 0x0000000712000000|100%| O|  |TAMS 0x0000000712000000, 0x0000000711f00000| Untracked 
| 260|0x0000000712000000, 0x0000000712100000, 0x0000000712100000|100%| O|  |TAMS 0x0000000712100000, 0x0000000712000000| Untracked 
| 261|0x0000000712100000, 0x0000000712200000, 0x0000000712200000|100%| O|  |TAMS 0x0000000712200000, 0x0000000712100000| Untracked 
| 262|0x0000000712200000, 0x0000000712300000, 0x0000000712300000|100%| O|  |TAMS 0x0000000712300000, 0x0000000712200000| Untracked 
| 263|0x0000000712300000, 0x0000000712400000, 0x0000000712400000|100%| O|  |TAMS 0x0000000712400000, 0x0000000712300000| Untracked 
| 264|0x0000000712400000, 0x0000000712500000, 0x0000000712500000|100%| O|  |TAMS 0x0000000712500000, 0x0000000712400000| Untracked 
| 265|0x0000000712500000, 0x0000000712600000, 0x0000000712600000|100%| O|  |TAMS 0x0000000712600000, 0x0000000712500000| Untracked 
| 266|0x0000000712600000, 0x0000000712700000, 0x0000000712700000|100%| O|  |TAMS 0x0000000712700000, 0x0000000712600000| Untracked 
| 267|0x0000000712700000, 0x0000000712800000, 0x0000000712800000|100%| O|  |TAMS 0x0000000712800000, 0x0000000712700000| Untracked 
| 268|0x0000000712800000, 0x0000000712900000, 0x0000000712900000|100%| O|  |TAMS 0x0000000712900000, 0x0000000712800000| Untracked 
| 269|0x0000000712900000, 0x0000000712a00000, 0x0000000712a00000|100%| O|  |TAMS 0x0000000712a00000, 0x0000000712900000| Untracked 
| 270|0x0000000712a00000, 0x0000000712b00000, 0x0000000712b00000|100%| O|  |TAMS 0x0000000712b00000, 0x0000000712a00000| Untracked 
| 271|0x0000000712b00000, 0x0000000712c00000, 0x0000000712c00000|100%| O|  |TAMS 0x0000000712c00000, 0x0000000712b00000| Untracked 
| 272|0x0000000712c00000, 0x0000000712d00000, 0x0000000712d00000|100%| O|  |TAMS 0x0000000712d00000, 0x0000000712c00000| Untracked 
| 273|0x0000000712d00000, 0x0000000712e00000, 0x0000000712e00000|100%| O|  |TAMS 0x0000000712e00000, 0x0000000712d00000| Untracked 
| 274|0x0000000712e00000, 0x0000000712f00000, 0x0000000712f00000|100%| O|  |TAMS 0x0000000712f00000, 0x0000000712e00000| Untracked 
| 275|0x0000000712f00000, 0x0000000713000000, 0x0000000713000000|100%| O|  |TAMS 0x0000000713000000, 0x0000000712f00000| Untracked 
| 276|0x0000000713000000, 0x0000000713100000, 0x0000000713100000|100%| O|  |TAMS 0x0000000713100000, 0x0000000713000000| Untracked 
| 277|0x0000000713100000, 0x0000000713200000, 0x0000000713200000|100%| O|  |TAMS 0x0000000713200000, 0x0000000713100000| Untracked 
| 278|0x0000000713200000, 0x0000000713300000, 0x0000000713300000|100%| O|  |TAMS 0x0000000713300000, 0x0000000713200000| Untracked 
| 279|0x0000000713300000, 0x0000000713400000, 0x0000000713400000|100%| O|  |TAMS 0x0000000713400000, 0x0000000713300000| Untracked 
| 280|0x0000000713400000, 0x0000000713500000, 0x0000000713500000|100%| O|  |TAMS 0x0000000713500000, 0x0000000713400000| Untracked 
| 281|0x0000000713500000, 0x0000000713600000, 0x0000000713600000|100%| O|  |TAMS 0x0000000713600000, 0x0000000713500000| Untracked 
| 282|0x0000000713600000, 0x0000000713700000, 0x0000000713700000|100%| O|  |TAMS 0x0000000713700000, 0x0000000713600000| Untracked 
| 283|0x0000000713700000, 0x0000000713800000, 0x0000000713800000|100%| O|  |TAMS 0x0000000713800000, 0x0000000713700000| Untracked 
| 284|0x0000000713800000, 0x0000000713900000, 0x0000000713900000|100%| O|  |TAMS 0x0000000713900000, 0x0000000713800000| Untracked 
| 285|0x0000000713900000, 0x0000000713a00000, 0x0000000713a00000|100%| O|  |TAMS 0x0000000713a00000, 0x0000000713900000| Untracked 
| 286|0x0000000713a00000, 0x0000000713b00000, 0x0000000713b00000|100%| O|  |TAMS 0x0000000713b00000, 0x0000000713a00000| Untracked 
| 287|0x0000000713b00000, 0x0000000713c00000, 0x0000000713c00000|100%| O|  |TAMS 0x0000000713c00000, 0x0000000713b00000| Untracked 

Card table byte_map: [0x000002baf39d0000,0x000002baf41d0000] _byte_map_base: 0x000002baf01c2000

Marking Bits (Prev, Next): (CMBitMap*) 0x000002bae8f05248, (CMBitMap*) 0x000002bae8f05208
 Prev Bits: [0x000002baf8960000, 0x000002bafc8f0000)
 Next Bits: [0x000002baf49d0000, 0x000002baf8960000)

Polling page: 0x000002bae8c70000

Metaspace:

Usage:
  Non-class:      7.05 MB capacity,     6.31 MB ( 90%) used,   741.47 KB ( 10%) free+waste,    12.25 KB ( <1%) overhead. 
      Class:    854.00 KB capacity,   733.95 KB ( 86%) used,   114.11 KB ( 13%) free+waste,     5.94 KB ( <1%) overhead. 
       Both:      7.88 MB capacity,     7.03 MB ( 89%) used,   855.58 KB ( 11%) free+waste,    18.19 KB ( <1%) overhead. 

Virtual space:
  Non-class space:        8.00 MB reserved,       7.25 MB ( 91%) committed 
      Class space:        1.00 GB reserved,     896.00 KB ( <1%) committed 
             Both:        1.01 GB reserved,       8.13 MB ( <1%) committed 

Chunk freelists:
   Non-Class:  16.00 KB
       Class:  10.00 KB
        Both:  26.00 KB

MaxMetaspaceSize: 17179869184.00 GB
CompressedClassSpaceSize: 1.00 GB

CodeHeap 'non-profiled nmethods': size=120064Kb used=908Kb max_used=908Kb free=119155Kb
 bounds [0x000002ba87ac0000, 0x000002ba87d30000, 0x000002ba8f000000]
CodeHeap 'profiled nmethods': size=120000Kb used=2712Kb max_used=3127Kb free=117288Kb
 bounds [0x000002ba80590000, 0x000002ba808a0000, 0x000002ba87ac0000]
CodeHeap 'non-nmethods': size=5696Kb used=1267Kb max_used=1356Kb free=4428Kb
 bounds [0x000002ba80000000, 0x000002ba80270000, 0x000002ba80590000]
 total_blobs=2715 nmethods=1426 adapters=347
 compilation: enabled
              stopped_count=0, restarted_count=0
 full_count=0

Compilation events (20 events):
Event: 6.529 Thread 0x000002bafefb7800 nmethod 1616 0x000002ba8089c090 code [0x000002ba8089c320, 0x000002ba8089d590]
Event: 6.530 Thread 0x000002baffa13800 nmethod 1613 0x000002ba87b8b890 code [0x000002ba87b8ba20, 0x000002ba87b8bad8]
Event: 6.530 Thread 0x000002baffa13800 1614       4       java.lang.Long::getChars (208 bytes)
Event: 6.534 Thread 0x000002baffa13800 nmethod 1614 0x000002ba87b8bb90 code [0x000002ba87b8bd20, 0x000002ba87b8c178]
Event: 6.534 Thread 0x000002baffa13800 1611       4       java.lang.Long::toString (8 bytes)
Event: 6.539 Thread 0x000002bafefb0800 nmethod 1610 0x000002ba87b8c410 code [0x000002ba87b8c600, 0x000002ba87b8d498]
Event: 6.540 Thread 0x000002bafefb0800 1612       4       java.lang.Long::toString (55 bytes)
Event: 6.542 Thread 0x000002baffa13800 nmethod 1611 0x000002ba87b8dc10 code [0x000002ba87b8ddc0, 0x000002ba87b8e318]
Event: 6.544 Thread 0x000002bafefb0800 nmethod 1612 0x000002ba87b8e690 code [0x000002ba87b8e840, 0x000002ba87b8ed38]
Event: 7.798 Thread 0x000002bafefb0800 1617       4       java.util.Vector::<init> (49 bytes)
Event: 7.800 Thread 0x000002bafefb0800 nmethod 1617 0x000002ba87ac9a10 code [0x000002ba87ac9ba0, 0x000002ba87ac9dd8]
Event: 210.077 Thread 0x000002bafefb0800 1618 %     4       org.eclipse.jdt.launching.internal.org.objectweb.asm.ClassReader::readCode @ 2015 (5089 bytes)
Event: 210.630 Thread 0x000002bafefb0800 nmethod 1618% 0x000002ba87b8f010 code [0x000002ba87b8f700, 0x000002ba87b9d4a0]
Event: 210.631 Thread 0x000002bafefb0800 1619       4       org.eclipse.jdt.launching.internal.org.objectweb.asm.ClassReader::readVerificationTypeInfo (184 bytes)
Event: 210.644 Thread 0x000002bafefb0800 nmethod 1619 0x000002ba87afbe90 code [0x000002ba87afc0c0, 0x000002ba87afd8c8]
Event: 210.644 Thread 0x000002bafefb0800 1620       4       org.eclipse.jdt.launching.internal.org.objectweb.asm.MethodWriter::putFrameType (83 bytes)
Event: 210.649 Thread 0x000002bafefb0800 nmethod 1620 0x000002ba87acdf90 code [0x000002ba87ace1a0, 0x000002ba87ace9d0]
Event: 266.610 Thread 0x000002bafefb0800 1621       4       org.eclipse.jdt.launching.internal.org.objectweb.asm.MethodWriter::visitFieldInsn (258 bytes)
Event: 266.616 Thread 0x000002bafefb0800 nmethod 1621 0x000002ba87aed490 code [0x000002ba87aed640, 0x000002ba87aedaf8]
Event: 266.616 Thread 0x000002bafefb0800 1622 %     4       org.eclipse.jdt.launching.internal.org.objectweb.asm.ClassReader::readCode @ 4731 (5089 bytes)

GC Heap History (8 events):
Event: 0.510 GC heap before
{Heap before GC invocations=0 (full 0):
 garbage-first heap   total 262144K, used 14336K [0x0000000701c00000, 0x0000000800000000)
  region size 1024K, 14 young (14336K), 0 survivors (0K)
 Metaspace       used 3601K, capacity 5477K, committed 5632K, reserved 1056768K
  class space    used 319K, capacity 483K, committed 512K, reserved 1048576K
}
Event: 0.514 GC heap after
{Heap after GC invocations=1 (full 0):
 garbage-first heap   total 262144K, used 4252K [0x0000000701c00000, 0x0000000800000000)
  region size 1024K, 2 young (2048K), 2 survivors (2048K)
 Metaspace       used 3601K, capacity 5477K, committed 5632K, reserved 1056768K
  class space    used 319K, capacity 483K, committed 512K, reserved 1048576K
}
Event: 1.129 GC heap before
{Heap before GC invocations=1 (full 0):
 garbage-first heap   total 262144K, used 157852K [0x0000000701c00000, 0x0000000800000000)
  region size 1024K, 153 young (156672K), 2 survivors (2048K)
 Metaspace       used 6327K, capacity 7401K, committed 7424K, reserved 1056768K
  class space    used 643K, capacity 763K, committed 768K, reserved 1048576K
}
Event: 1.170 GC heap after
{Heap after GC invocations=2 (full 0):
 garbage-first heap   total 294912K, used 137545K [0x0000000701c00000, 0x0000000800000000)
  region size 1024K, 20 young (20480K), 20 survivors (20480K)
 Metaspace       used 6327K, capacity 7401K, committed 7424K, reserved 1056768K
  class space    used 643K, capacity 763K, committed 768K, reserved 1048576K
}
Event: 1.212 GC heap before
{Heap before GC invocations=2 (full 0):
 garbage-first heap   total 294912K, used 155977K [0x0000000701c00000, 0x0000000800000000)
  region size 1024K, 38 young (38912K), 20 survivors (20480K)
 Metaspace       used 6442K, capacity 7509K, committed 7808K, reserved 1056768K
  class space    used 658K, capacity 798K, committed 896K, reserved 1048576K
}
Event: 1.222 GC heap after
{Heap after GC invocations=3 (full 0):
 garbage-first heap   total 294912K, used 151066K [0x0000000701c00000, 0x0000000800000000)
  region size 1024K, 5 young (5120K), 5 survivors (5120K)
 Metaspace       used 6442K, capacity 7509K, committed 7808K, reserved 1056768K
  class space    used 658K, capacity 798K, committed 896K, reserved 1048576K
}
Event: 1.321 GC heap before
{Heap before GC invocations=3 (full 0):
 garbage-first heap   total 294912K, used 162330K [0x0000000701c00000, 0x0000000800000000)
  region size 1024K, 16 young (16384K), 5 survivors (5120K)
 Metaspace       used 6901K, capacity 7821K, committed 8064K, reserved 1056768K
  class space    used 718K, capacity 836K, committed 896K, reserved 1048576K
}
Event: 1.323 GC heap after
{Heap after GC invocations=4 (full 0):
 garbage-first heap   total 294912K, used 152987K [0x0000000701c00000, 0x0000000800000000)
  region size 1024K, 1 young (1024K), 1 survivors (1024K)
 Metaspace       used 6901K, capacity 7821K, committed 8064K, reserved 1056768K
  class space    used 718K, capacity 836K, committed 896K, reserved 1048576K
}

Deoptimization events (20 events):
Event: 1.503 Thread 0x000002bae8e98800 DEOPT PACKING pc=0x000002ba8087267c sp=0x000000cb396fe2b0
Event: 1.503 Thread 0x000002bae8e98800 DEOPT UNPACKING pc=0x000002ba8004964e sp=0x000000cb396fd7c8 mode 1
Event: 1.503 Thread 0x000002bae8e98800 DEOPT PACKING pc=0x000002ba8087267c sp=0x000000cb396fe2b0
Event: 1.503 Thread 0x000002bae8e98800 DEOPT UNPACKING pc=0x000002ba8004964e sp=0x000000cb396fd7c8 mode 1
Event: 1.503 Thread 0x000002bae8e98800 DEOPT PACKING pc=0x000002ba8087267c sp=0x000000cb396fe2b0
Event: 1.503 Thread 0x000002bae8e98800 DEOPT UNPACKING pc=0x000002ba8004964e sp=0x000000cb396fd7c8 mode 1
Event: 1.503 Thread 0x000002bae8e98800 DEOPT PACKING pc=0x000002ba8087267c sp=0x000000cb396fe2b0
Event: 1.503 Thread 0x000002bae8e98800 DEOPT UNPACKING pc=0x000002ba8004964e sp=0x000000cb396fd7c8 mode 1
Event: 1.503 Thread 0x000002bae8e98800 DEOPT PACKING pc=0x000002ba8087267c sp=0x000000cb396fe2b0
Event: 1.503 Thread 0x000002bae8e98800 DEOPT UNPACKING pc=0x000002ba8004964e sp=0x000000cb396fd7c8 mode 1
Event: 1.503 Thread 0x000002bae8e98800 DEOPT PACKING pc=0x000002ba8087267c sp=0x000000cb396fe2b0
Event: 1.503 Thread 0x000002bae8e98800 DEOPT UNPACKING pc=0x000002ba8004964e sp=0x000000cb396fd7c8 mode 1
Event: 1.503 Thread 0x000002bae8e98800 DEOPT PACKING pc=0x000002ba8087267c sp=0x000000cb396fe2b0
Event: 1.503 Thread 0x000002bae8e98800 DEOPT UNPACKING pc=0x000002ba8004964e sp=0x000000cb396fd7c8 mode 1
Event: 1.503 Thread 0x000002bae8e98800 DEOPT PACKING pc=0x000002ba8087267c sp=0x000000cb396fe2b0
Event: 1.503 Thread 0x000002bae8e98800 DEOPT UNPACKING pc=0x000002ba8004964e sp=0x000000cb396fd7c8 mode 1
Event: 1.503 Thread 0x000002bae8e98800 DEOPT PACKING pc=0x000002ba8085c5dd sp=0x000000cb396fe3a0
Event: 1.503 Thread 0x000002bae8e98800 DEOPT UNPACKING pc=0x000002ba8004964e sp=0x000000cb396fd7f0 mode 0
Event: 210.083 Thread 0x000002baffabf800 DEOPT PACKING pc=0x000002ba80681eba sp=0x000000cb3a5fd6b0
Event: 210.083 Thread 0x000002baffabf800 DEOPT UNPACKING pc=0x000002ba8004964e sp=0x000000cb3a5fce20 mode 0

Classes unloaded (0 events):
No events

Classes redefined (2 events):
Event: 210.088 Thread 0x000002bafef8b800 redefined class name=htn.PlanReportroryItem, count=1
Event: 266.614 Thread 0x000002bafef8b800 redefined class name=htn.PlanReportroryItem, count=2

Internal exceptions (20 events):
Event: 1.503 Thread 0x000002bae8e98800 NullPointerException in IC check 0x000002ba80867ac0
Event: 1.503 Thread 0x000002bae8e98800 Exception <a 'java/lang/NullPointerException'{0x00000007109aac00}> (0x00000007109aac00) 
thrown [t:/workspace/open/src/hotspot/share/runtime/sharedRuntime.cpp, line 585]
Event: 1.503 Thread 0x000002bae8e98800 NullPointerException in IC check 0x000002ba80867ac0
Event: 1.503 Thread 0x000002bae8e98800 Exception <a 'java/lang/NullPointerException'{0x00000007109ab078}> (0x00000007109ab078) 
thrown [t:/workspace/open/src/hotspot/share/runtime/sharedRuntime.cpp, line 585]
Event: 1.503 Thread 0x000002bae8e98800 NullPointerException in IC check 0x000002ba80867ac0
Event: 1.503 Thread 0x000002bae8e98800 Exception <a 'java/lang/NullPointerException'{0x00000007109ab3d0}> (0x00000007109ab3d0) 
thrown [t:/workspace/open/src/hotspot/share/runtime/sharedRuntime.cpp, line 585]
Event: 1.503 Thread 0x000002bae8e98800 NullPointerException in IC check 0x000002ba80867ac0
Event: 1.503 Thread 0x000002bae8e98800 Exception <a 'java/lang/NullPointerException'{0x00000007109ab800}> (0x00000007109ab800) 
thrown [t:/workspace/open/src/hotspot/share/runtime/sharedRuntime.cpp, line 585]
Event: 1.503 Thread 0x000002bae8e98800 NullPointerException in IC check 0x000002ba80867ac0
Event: 1.503 Thread 0x000002bae8e98800 Exception <a 'java/lang/NullPointerException'{0x00000007109abb70}> (0x00000007109abb70) 
thrown [t:/workspace/open/src/hotspot/share/runtime/sharedRuntime.cpp, line 585]
Event: 1.503 Thread 0x000002bae8e98800 NullPointerException in IC check 0x000002ba80867ac0
Event: 1.503 Thread 0x000002bae8e98800 Exception <a 'java/lang/NullPointerException'{0x00000007109abeb0}> (0x00000007109abeb0) 
thrown [t:/workspace/open/src/hotspot/share/runtime/sharedRuntime.cpp, line 585]
Event: 1.503 Thread 0x000002bae8e98800 NullPointerException in IC check 0x000002ba80867ac0
Event: 1.503 Thread 0x000002bae8e98800 Exception <a 'java/lang/NullPointerException'{0x00000007109ac250}> (0x00000007109ac250) 
thrown [t:/workspace/open/src/hotspot/share/runtime/sharedRuntime.cpp, line 585]
Event: 1.503 Thread 0x000002bae8e98800 NullPointerException in IC check 0x000002ba80867ac0
Event: 1.503 Thread 0x000002bae8e98800 Exception <a 'java/lang/NullPointerException'{0x00000007109ac5a8}> (0x00000007109ac5a8) 
thrown [t:/workspace/open/src/hotspot/share/runtime/sharedRuntime.cpp, line 585]
Event: 1.503 Thread 0x000002bae8e98800 NullPointerException in IC check 0x000002ba80867ac0
Event: 1.503 Thread 0x000002bae8e98800 Exception <a 'java/lang/NullPointerException'{0x00000007109ac960}> (0x00000007109ac960) 
thrown [t:/workspace/open/src/hotspot/share/runtime/sharedRuntime.cpp, line 585]
Event: 1.503 Thread 0x000002bae8e98800 NullPointerException in IC check 0x000002ba80867ac0
Event: 1.503 Thread 0x000002bae8e98800 Exception <a 'java/lang/NullPointerException'{0x00000007109ace20}> (0x00000007109ace20) 
thrown [t:/workspace/open/src/hotspot/share/runtime/sharedRuntime.cpp, line 585]

Events (20 events):
Event: 266.625 Executing VM operation: ChangeBreakpoints
Event: 266.625 Executing VM operation: ChangeBreakpoints done
Event: 266.630 Executing VM operation: ChangeBreakpoints
Event: 266.630 Executing VM operation: ChangeBreakpoints done
Event: 266.631 Executing VM operation: GetFrameCount
Event: 266.631 Executing VM operation: GetFrameCount done
Event: 266.631 Executing VM operation: GetStackTrace
Event: 266.631 Executing VM operation: GetStackTrace done
Event: 266.631 Executing VM operation: GetFrameCount
Event: 266.632 Executing VM operation: GetFrameCount done
Event: 266.632 Executing VM operation: SetFramePop
Event: 266.632 Executing VM operation: SetFramePop done
Event: 266.632 Executing VM operation: GetFrameLocation
Event: 266.632 Executing VM operation: GetFrameLocation done
Event: 266.632 Executing VM operation: GetCurrentLocation
Event: 266.632 Executing VM operation: GetCurrentLocation done
Event: 266.632 Executing VM operation: ChangeSingleStep
Event: 266.632 Executing VM operation: ChangeSingleStep done
Event: 266.632 Executing VM operation: GetFrameLocation
Event: 266.632 Executing VM operation: GetFrameLocation done


Dynamic libraries:
0x00007ff692070000 - 0x00007ff69207f000 	C:\Program Files\java\jdk-13.0.1\bin\javaw.exe
0x00007ffffce70000 - 0x00007ffffd066000 	C:\WINDOWS\SYSTEM32\ntdll.dll
0x00007ffffc830000 - 0x00007ffffc8ed000 	C:\WINDOWS\System32\KERNEL32.DLL
0x00007ffffa7e0000 - 0x00007ffffaaa9000 	C:\WINDOWS\System32\KERNELBASE.dll
0x00007ffffab80000 - 0x00007ffffac80000 	C:\WINDOWS\System32\ucrtbase.dll
0x00007fffebcc0000 - 0x00007fffebcd5000 	C:\Program Files\java\jdk-13.0.1\bin\VCRUNTIME140.dll
0x00007fffe6770000 - 0x00007fffe6788000 	C:\Program Files\java\jdk-13.0.1\bin\jli.dll
0x00007ffffb2a0000 - 0x00007ffffb34c000 	C:\WINDOWS\System32\ADVAPI32.dll
0x00007ffffc8f0000 - 0x00007ffffc98e000 	C:\WINDOWS\System32\msvcrt.dll
0x00007ffffbe20000 - 0x00007ffffbebc000 	C:\WINDOWS\System32\sechost.dll
0x00007ffffcaf0000 - 0x00007ffffcc1b000 	C:\WINDOWS\System32\RPCRT4.dll
0x00007ffffc690000 - 0x00007ffffc830000 	C:\WINDOWS\System32\USER32.dll
0x00007ffffa7b0000 - 0x00007ffffa7d2000 	C:\WINDOWS\System32\win32u.dll
0x00007ffffcac0000 - 0x00007ffffcaea000 	C:\WINDOWS\System32\GDI32.dll
0x00007fffe5d60000 - 0x00007fffe5ffb000 	C:\WINDOWS\WinSxS\amd64_microsoft.windows.common-controls_6595b64144ccf1df_6.0.19041.488_none_ca04af081b815d21\COMCTL32.dll
0x00007ffffadc0000 - 0x00007ffffaec9000 	C:\WINDOWS\System32\gdi32full.dll
0x00007ffffa5b0000 - 0x00007ffffa64d000 	C:\WINDOWS\System32\msvcp_win.dll
0x00007ffff44f0000 - 0x00007ffff44fa000 	C:\WINDOWS\SYSTEM32\VERSION.dll
0x00007ffffb3e0000 - 0x00007ffffb410000 	C:\WINDOWS\System32\IMM32.DLL
0x00007fffc44c0000 - 0x00007fffc455b000 	C:\Program Files\java\jdk-13.0.1\bin\msvcp140.dll
0x00007fffb8330000 - 0x00007fffb8e96000 	C:\Program Files\java\jdk-13.0.1\bin\server\jvm.dll
0x00007ffffce20000 - 0x00007ffffce28000 	C:\WINDOWS\System32\PSAPI.DLL
0x00007fffe78f0000 - 0x00007fffe7917000 	C:\WINDOWS\SYSTEM32\WINMM.dll
0x00007fffe3e40000 - 0x00007fffe3e49000 	C:\WINDOWS\SYSTEM32\WSOCK32.dll
0x00007ffffbec0000 - 0x00007ffffbf2b000 	C:\WINDOWS\System32\WS2_32.dll
0x00007ffff86c0000 - 0x00007ffff86d2000 	C:\WINDOWS\SYSTEM32\kernel.appcore.dll
0x00007ffff51d0000 - 0x00007ffff51e0000 	C:\Program Files\java\jdk-13.0.1\bin\verify.dll
0x00007ffff8240000 - 0x00007ffff8424000 	C:\WINDOWS\SYSTEM32\DBGHELP.DLL
0x00007fffe27a0000 - 0x00007fffe27cc000 	C:\WINDOWS\SYSTEM32\dbgcore.DLL
0x00007ffffab00000 - 0x00007ffffab80000 	C:\WINDOWS\System32\bcryptPrimitives.dll
0x00007fffd3380000 - 0x00007fffd33a6000 	C:\Program Files\java\jdk-13.0.1\bin\java.dll
0x00007fffd30c0000 - 0x00007fffd30f8000 	C:\Program Files\java\jdk-13.0.1\bin\jdwp.dll
0x00007fffebb80000 - 0x00007fffebb8e000 	C:\Program Files\java\jdk-13.0.1\bin\instrument.dll
0x00007fffe6730000 - 0x00007fffe6747000 	C:\Program Files\java\jdk-13.0.1\bin\zip.dll
0x00007fffe68d0000 - 0x00007fffe68da000 	C:\Program Files\java\jdk-13.0.1\bin\jimage.dll
0x00007ffffbf40000 - 0x00007ffffc682000 	C:\WINDOWS\System32\SHELL32.dll
0x00007ffff86e0000 - 0x00007ffff8e75000 	C:\WINDOWS\SYSTEM32\windows.storage.dll
0x00007ffffb950000 - 0x00007ffffbca6000 	C:\WINDOWS\System32\combase.dll
0x00007ffff9fb0000 - 0x00007ffff9fdc000 	C:\WINDOWS\SYSTEM32\Wldp.dll
0x00007ffffbd70000 - 0x00007ffffbe1e000 	C:\WINDOWS\System32\SHCORE.dll
0x00007ffffb380000 - 0x00007ffffb3d5000 	C:\WINDOWS\System32\shlwapi.dll
0x00007ffffa4e0000 - 0x00007ffffa506000 	C:\WINDOWS\SYSTEM32\profapi.dll
0x00007fffe1450000 - 0x00007fffe145b000 	C:\Program Files\java\jdk-13.0.1\bin\dt_socket.dll
0x00007ffff9d30000 - 0x00007ffff9d9a000 	C:\WINDOWS\system32\mswsock.dll
0x00007ffff9a60000 - 0x00007ffff9b2b000 	C:\WINDOWS\SYSTEM32\DNSAPI.dll
0x00007ffff9a20000 - 0x00007ffff9a5b000 	C:\WINDOWS\SYSTEM32\IPHLPAPI.DLL
0x00007ffffbf30000 - 0x00007ffffbf38000 	C:\WINDOWS\System32\NSI.dll
0x00007fffe4d70000 - 0x00007fffe4d7a000 	C:\Windows\System32\rasadhlp.dll
0x00007fffe9080000 - 0x00007fffe90ff000 	C:\WINDOWS\System32\fwpuclnt.dll
0x00007ffffac80000 - 0x00007ffffaca7000 	C:\WINDOWS\System32\bcrypt.dll
0x00007fffd3360000 - 0x00007fffd3379000 	C:\Program Files\java\jdk-13.0.1\bin\net.dll
0x00007fffe8da0000 - 0x00007fffe8ea0000 	C:\WINDOWS\SYSTEM32\WINHTTP.dll
0x00007fffd30a0000 - 0x00007fffd30b3000 	C:\Program Files\java\jdk-13.0.1\bin\nio.dll
0x00007fffc2090000 - 0x00007fffc2229000 	C:\Program Files\java\jdk-13.0.1\bin\awt.dll
0x00007ffffb410000 - 0x00007ffffb4dd000 	C:\WINDOWS\System32\OLEAUT32.dll
0x00007ffff6220000 - 0x00007ffff67e0000 	C:\WINDOWS\SYSTEM32\d2d1.dll
0x00007ffff7a00000 - 0x00007ffff7a90000 	C:\WINDOWS\SYSTEM32\apphelp.dll

dbghelp: loaded successfully - version: 4.0.5 - missing functions: none
symbol engine: initialized successfully - sym options: 0x614 - pdb path: .;C:\Program Files\java\jdk-13.0.1\bin;C:\WINDOWS\SYSTEM32;C:\WINDOWS\WinSxS\amd64_microsoft.windows.common-controls_6595b64144ccf1df_6.0.19041.488_none_ca04af081b815d21;C:\Program Files\java\jdk-13.0.1\bin\server

VM Arguments:
jvm_args: -agentlib:jdwp=transport=dt_socket,suspend=y,address=localhost:56269 -javaagent:C:\Users\ASUS\eclipse\java-2020-03\eclipse\configuration\org.eclipse.osgi\223\0\.cp\lib\javaagent-shaded.jar -Dfile.encoding=Cp1252 
java_command: examples.geometric.TestSpatialRACEDomain
java_class_path (initial): C:\Users\ASUS\Documents\Projects git ++\shrdlu-2020\chimp\bin\main;C:\Users\ASUS\.gradle\caches\modules-2\files-2.1\net.sf.jung\jung-graph-impl\2.0.1\37e4cbe198ca7ffd2238ebfee8c5d84d6d79e1c2\jung-graph-impl-2.0.1.jar;C:\Users\ASUS\.gradle\caches\modules-2\files-2.1\net.sf.jung\jung-visualization\2.0.1\128430bd695571135c038c86541fc21129416584\jung-visualization-2.0.1.jar;C:\Users\ASUS\.gradle\caches\modules-2\files-2.1\net.sf.jung\jung-algorithms\2.0.1\bc6983fcf65c451eedd5080795ef481fcf84b509\jung-algorithms-2.0.1.jar;C:\Users\ASUS\.gradle\caches\modules-2\files-2.1\org.metacsp\meta-csp-framework\1.3.5\ea3b703fd9a0e13f2e47b9a59931a14d8ab2d858\meta-csp-framework-1.3.5.jar;C:\Users\ASUS\.gradle\caches\modules-2\files-2.1\info.picocli\picocli\4.5.1\ff913b736b6ffc7cdf8144401b02a501554ba0c5\picocli-4.5.1.jar;C:\Users\ASUS\.gradle\caches\modules-2\files-2.1\com.google.guava\guava\29.0-jre\801142b4c3d0f0770dd29abea50906cacfddd447\guava-29.0-jre.jar;C:\Users\ASUS\.gradle\caches\modules-2\files-2.1\org.choco-solver\choco-solver\4.10.2\f064d9099df77beeba659be1a53e993b7050f048\choco-solver-4.10.2.jar;C:\Users\ASUS\.gradle\caches\modules-2\files-2.1\org.antlr\antlr4-runtime\4.9.1\428664f05d2b7f7b7610204b5aa7c1763f62011a\antlr4-runtime-4.9.1.jar;C:\Users\ASUS\.gradle\caches\modules-2\files-2.1\com.fasterxml.jackson.dataformat\jackson-dataformat-yaml\2.11.3\4e3bc00e0175c9be7bbe41c9c6b000591d0a2567\jackson-dataformat-yaml-2.11.3.jar;C:\Users\ASUS\.gradle\caches\modules-2\files-2.1\net.sf.jung\jung-api\2.0.1\843d5ccb44dd310ed0e36cb9b776baa0391515a2\jung-api-2.0.1.jar;C:\Users\ASUS\.gradle\caches\modules-2\files-2.1\net.sourceforge.collections\collections-generic\4.01\12dddecd8e8c24f5c9453a6d3ecb13b38e59db52\collections-generic-4.01.jar;C:\Users\ASUS\.gradle\caches\modules-2\files-2.1\colt\colt\1.2.0\abc984f3adc760684d49e0f11ddf167ba516d4f\colt-1.2.0.jar;C:\Users\ASUS\.gradle\caches\modules-2\files-2.1\com.google.guava\failureaccess\1.0.1\1dcf1de382a0bf95
Launcher Type: SUN_STANDARD

[Global flags]
     intx CICompilerCount                          = 3                                         {product} {ergonomic}
     uint ConcGCThreads                            = 1                                         {product} {ergonomic}
     uint G1ConcRefinementThreads                  = 4                                         {product} {ergonomic}
   size_t G1HeapRegionSize                         = 1048576                                   {product} {ergonomic}
    uintx GCDrainStackTargetSize                   = 64                                        {product} {ergonomic}
   size_t InitialHeapSize                          = 268435456                                 {product} {ergonomic}
   size_t MarkStackSize                            = 4194304                                   {product} {ergonomic}
   size_t MaxHeapSize                              = 4265607168                                {product} {ergonomic}
   size_t MaxNewSize                               = 2558525440                                {product} {ergonomic}
   size_t MinHeapDeltaBytes                        = 1048576                                   {product} {ergonomic}
   size_t MinHeapSize                              = 8388608                                   {product} {ergonomic}
    uintx NonNMethodCodeHeapSize                   = 5830732                                {pd product} {ergonomic}
    uintx NonProfiledCodeHeapSize                  = 122913754                              {pd product} {ergonomic}
    uintx ProfiledCodeHeapSize                     = 122913754                              {pd product} {ergonomic}
    uintx ReservedCodeCacheSize                    = 251658240                              {pd product} {ergonomic}
     bool SegmentedCodeCache                       = true                                      {product} {ergonomic}
   size_t SoftMaxHeapSize                          = 4265607168                             {manageable} {ergonomic}
     bool UseCompressedClassPointers               = true                                 {lp64_product} {ergonomic}
     bool UseCompressedOops                        = true                                 {lp64_product} {ergonomic}
     bool UseG1GC                                  = true                                      {product} {ergonomic}
     bool UseLargePagesIndividualAllocation        = false                                  {pd product} {ergonomic}

Logging:
Log output configuration:
 #0: stdout all=warning uptime,level,tags
 #1: stderr all=off uptime,level,tags

Environment Variables:
PATH=C:/Program Files/Java/jre1.8.0_261/bin/server;C:/Program Files/Java/jre1.8.0_261/bin;C:/Program Files/Java/jre1.8.0_261/lib/amd64;C:\RoboDK\Python37\Scripts\;C:\RoboDK\Python37\;C:\Program Files (x86)\Common Files\Oracle\Java\javapath;C:\Program Files (x86)\NVIDIA Corporation\PhysX\Common;C:\WINDOWS\system32;C:\WINDOWS;C:\WINDOWS\System32\Wbem;C:\WINDOWS\System32\WindowsPowerShell\v1.0\;C:\WINDOWS\System32\OpenSSH\;C:\Program Files\dotnet\;C:\Program Files\Microsoft SQL Server\130\Tools\Binn\;C:\Program Files\java\jdk-13.0.1\bin;C:\Program Files\java\jdk1.8.0_231\bin;C:\Program Files\nodejs\;C:\ProgramData\chocolatey\bin;C:\Program Files (x86)\dotnet\;C:\Program Files (x86)\VisioForge\VisioForge .Net SDKs Base Redist x86\;C:\Program Files\VisioForge\VisioForge .Net SDKs Base Redist x64\;C:\Program Files\Microsoft SQL Server\Client SDK\ODBC\170\Tools\Binn\;C:\Gradle\gradle-6.3\bin;C:\Program Files\Git\cmd;C:\Users\ASUS\Downloads\jshop2-master\jshop2-master\bin\JSHOP2.jar;C:\Users\ASUS\Downloads\jshop2-master\jshop2-master\bin\antlr.jar;C:\Users\ASUS\AppData\Local\Programs\Python\Python39\Scripts\;C:\Users\ASUS\AppData\Local\Programs\Python\Python39\;C:\Users\ASUS\AppData\Roaming\local\bin;C:\Users\ASUS\AppData\Local\Microsoft\WindowsApps;;C:\Users\ASUS\AppData\Local\Programs\Microsoft VS Code\bin;C:\Users\ASUS\AppData\Roaming\npm;C:\Program Files\swipl\bin;C:\Users\ASUS\.dotnet\tools;C:\Users\ASUS\AppData\Local\Microsoft\WindowsApps;C:\WINDOWS\system32;
USERNAME=ASUS
OS=Windows_NT
PROCESSOR_IDENTIFIER=Intel64 Family 6 Model 142 Stepping 9, GenuineIntel



---------------  S Y S T E M  ---------------

OS: Windows 10 , 64 bit Build 19041 (10.0.19041.662)

CPU:total 4 (initial active 4) (2 cores per cpu, 2 threads per core) family 6 model 142 stepping 9, cmov, cx8, fxsr, mmx, sse, sse2, sse3, ssse3, sse4.1, sse4.2, popcnt, avx, avx2, aes, clmul, erms, 3dnowpref, lzcnt, ht, tsc, tscinvbit, bmi1, bmi2, adx, fma

Memory: 4k page, system-wide physical 16265M (8416M free)
TotalPageFile size 18697M (AvailPageFile size 9566M)
current process WorkingSet (physical memory assigned to process): 350M, peak: 414M
current process commit charge ("private bytes"): 389M, peak: 453M

vm_info: Java HotSpot(TM) 64-Bit Server VM (13.0.1+9) for windows-amd64 JRE (13.0.1+9), built on Oct  6 2019 12:37:49 by "mach5one" with unknown MS VC++:1916

END.
